{"meta": {"format": 3, "version": "7.6.12", "timestamp": "2026-03-04T09:06:13.393317", "branch_coverage": false, "show_contexts": false}, "files": {"src/sflkit/__init__.py": {"executed_lines": [1, 2, 4, 5, 6, 9, 12, 28, 33, 45, 50, 70, 75], "summary": {"covered_lines": 13, "num_statements": 43, "percent_covered": 30.232558139534884, "percent_covered_display": "30", "missing_lines": 30, "excluded_lines": 0}, "missing_lines": [13, 16, 25, 29, 30, 34, 35, 36, 37, 38, 39, 41, 42, 46, 47, 51, 52, 53, 54, 55, 56, 57, 58, 59, 60, 65, 66, 67, 71, 72], "excluded_lines": [], "functions": {"instrument_config": {"executed_lines": [], "summary": {"covered_lines": 0, "num_statements": 3, "percent_covered": 0.0, "percent_covered_display": "0", "missing_lines": 3, "excluded_lines": 0}, "missing_lines": [13, 16, 25], "excluded_lines": []}, "instrument": {"executed_lines": [], "summary": {"covered_lines": 0, "num_statements": 2, "percent_covered": 0.0, "percent_covered_display": "0", "missing_lines": 2, "excluded_lines": 0}, "missing_lines": [29, 30], "excluded_lines": []}, "run_config": {"executed_lines": [], "summary": {"covered_lines": 0, "num_statements": 8, "percent_covered": 0.0, "percent_covered_display": "0", "missing_lines": 8, "excluded_lines": 0}, "missing_lines": [34, 35, 36, 37, 38, 39, 41, 42], "excluded_lines": []}, "run": {"executed_lines": [], "summary": {"covered_lines": 0, "num_statements": 2, "percent_covered": 0.0, "percent_covered_display": "0", "missing_lines": 2, "excluded_lines": 0}, "missing_lines": [46, 47], "excluded_lines": []}, "analyze_config": {"executed_lines": [], "summary": {"covered_lines": 0, "num_statements": 13, "percent_covered": 0.0, "percent_covered_display": "0", "missing_lines": 13, "excluded_lines": 0}, "missing_lines": [51, 52, 53, 54, 55, 56, 57, 58, 59, 60, 65, 66, 67], "excluded_lines": []}, "analyze": {"executed_lines": [], "summary": {"covered_lines": 0, "num_statements": 2, "percent_covered": 0.0, "percent_covered_display": "0", "missing_lines": 2, "excluded_lines": 0}, "missing_lines": [71, 72], "excluded_lines": []}, "": {"executed_lines": [1, 2, 4, 5, 6, 9, 12, 28, 33, 45, 50, 70, 75], "summary": {"covered_lines": 13, "num_statements": 13, "percent_covered": 100.0, "percent_covered_display": "100", "missing_lines": 0, "excluded_lines": 0}, "missing_lines": [], "excluded_lines": []}}, "classes": {"": {"executed_lines": [1, 2, 4, 5, 6, 9, 12, 28, 33, 45, 50, 70, 75], "summary": {"covered_lines": 13, "num_statements": 43, "percent_covered": 30.232558139534884, "percent_covered_display": "30", "missing_lines": 30, "excluded_lines": 0}, "missing_lines": [13, 16, 25, 29, 30, 34, 35, 36, 37, 38, 39, 41, 42, 46, 47, 51, 52, 53, 54, 55, 56, 57, 58, 59, 60, 65, 66, 67, 71, 72], "excluded_lines": []}}}, "src/sflkit/analysis/__init__.py": {"executed_lines": [1, 3], "summary": {"covered_lines": 2, "num_statements": 2, "percent_covered": 100.0, "percent_covered_display": "100", "missing_lines": 0, "excluded_lines": 0}, "missing_lines": [], "excluded_lines": [], "functions": {"": {"executed_lines": [1, 3], "summary": {"covered_lines": 2, "num_statements": 2, "percent_covered": 100.0, "percent_covered_display": "100", "missing_lines": 0, "excluded_lines": 0}, "missing_lines": [], "excluded_lines": []}}, "classes": {"": {"executed_lines": [1, 3], "summary": {"covered_lines": 2, "num_statements": 2, "percent_covered": 100.0, "percent_covered_display": "100", "missing_lines": 0, "excluded_lines": 0}, "missing_lines": [], "excluded_lines": []}}}, "src/sflkit/analysis/analysis_type.py": {"executed_lines": [1, 2, 3, 5, 6, 9, 10, 11, 12, 15, 16, 17, 18, 19, 20, 21, 22, 23, 24, 25, 26, 27, 28, 29, 30, 31, 32, 34, 37, 41, 46, 47, 48, 49, 51, 52, 58, 59, 60, 61, 63, 66, 67, 70, 71, 72, 75, 78, 81, 84, 85, 86, 89, 93, 96, 97, 100, 101, 104, 105, 108, 109, 112, 113, 116, 117, 118, 121, 129, 137, 145, 154, 155], "summary": {"covered_lines": 54, "num_statements": 93, "percent_covered": 58.064516129032256, "percent_covered_display": "58", "missing_lines": 39, "excluded_lines": 27}, "missing_lines": [35, 38, 53, 54, 55, 64, 76, 79, 82, 90, 91, 94, 114, 122, 123, 124, 125, 127, 130, 131, 132, 133, 135, 138, 139, 140, 141, 143, 146, 147, 148, 149, 151, 164, 165, 166, 167, 168, 169], "excluded_lines": [66, 67, 68, 70, 71, 72, 73, 84, 85, 86, 87, 96, 97, 98, 100, 101, 102, 104, 105, 106, 108, 109, 110, 116, 117, 118, 119], "functions": {"AnalysisType.__str__": {"executed_lines": [], "summary": {"covered_lines": 0, "num_statements": 1, "percent_covered": 0.0, "percent_covered_display": "0", "missing_lines": 1, "excluded_lines": 0}, "missing_lines": [35], "excluded_lines": []}, "AnalysisType.__repr__": {"executed_lines": [], "summary": {"covered_lines": 0, "num_statements": 1, "percent_covered": 0.0, "percent_covered_display": "0", "missing_lines": 1, "excluded_lines": 0}, "missing_lines": [38], "excluded_lines": []}, "AnalysisObject.set_finder": {"executed_lines": [], "summary": {"covered_lines": 0, "num_statements": 3, "percent_covered": 0.0, "percent_covered_display": "0", "missing_lines": 3, "excluded_lines": 0}, "missing_lines": [53, 54, 55], "excluded_lines": []}, "AnalysisObject.__init__": {"executed_lines": [59, 60, 61], "summary": {"covered_lines": 3, "num_statements": 3, "percent_covered": 100.0, "percent_covered_display": "100", "missing_lines": 0, "excluded_lines": 0}, "missing_lines": [], "excluded_lines": []}, "AnalysisObject.adjust_weight": {"executed_lines": [], "summary": {"covered_lines": 0, "num_statements": 1, "percent_covered": 0.0, "percent_covered_display": "0", "missing_lines": 1, "excluded_lines": 0}, "missing_lines": [64], "excluded_lines": []}, "AnalysisObject.serialize": {"executed_lines": [], "summary": {"covered_lines": 0, "num_statements": 0, "percent_covered": 100.0, "percent_covered_display": "100", "missing_lines": 0, "excluded_lines": 1}, "missing_lines": [], "excluded_lines": [68]}, "AnalysisObject.deserialize": {"executed_lines": [], "summary": {"covered_lines": 0, "num_statements": 0, "percent_covered": 100.0, "percent_covered_display": "100", "missing_lines": 0, "excluded_lines": 1}, "missing_lines": [], "excluded_lines": [73]}, "AnalysisObject.get_last_evaluation": {"executed_lines": [], "summary": {"covered_lines": 0, "num_statements": 1, "percent_covered": 0.0, "percent_covered_display": "0", "missing_lines": 1, "excluded_lines": 0}, "missing_lines": [76], "excluded_lines": []}, "AnalysisObject.__repr__": {"executed_lines": [], "summary": {"covered_lines": 0, "num_statements": 1, "percent_covered": 0.0, "percent_covered_display": "0", "missing_lines": 1, "excluded_lines": 0}, "missing_lines": [79], "excluded_lines": []}, "AnalysisObject.__str__": {"executed_lines": [], "summary": {"covered_lines": 0, "num_statements": 1, "percent_covered": 0.0, "percent_covered_display": "0", "missing_lines": 1, "excluded_lines": 0}, "missing_lines": [82], "excluded_lines": []}, "AnalysisObject.analysis_type": {"executed_lines": [], "summary": {"covered_lines": 0, "num_statements": 0, "percent_covered": 100.0, "percent_covered_display": "100", "missing_lines": 0, "excluded_lines": 1}, "missing_lines": [], "excluded_lines": [87]}, "AnalysisObject.analyze": {"executed_lines": [], "summary": {"covered_lines": 0, "num_statements": 2, "percent_covered": 0.0, "percent_covered_display": "0", "missing_lines": 2, "excluded_lines": 0}, "missing_lines": [90, 91], "excluded_lines": []}, "AnalysisObject.calculate": {"executed_lines": [], "summary": {"covered_lines": 0, "num_statements": 1, "percent_covered": 0.0, "percent_covered_display": "0", "missing_lines": 1, "excluded_lines": 0}, "missing_lines": [94], "excluded_lines": []}, "AnalysisObject.finalize": {"executed_lines": [], "summary": {"covered_lines": 0, "num_statements": 0, "percent_covered": 100.0, "percent_covered_display": "100", "missing_lines": 0, "excluded_lines": 1}, "missing_lines": [], "excluded_lines": [98]}, "AnalysisObject.hit": {"executed_lines": [], "summary": {"covered_lines": 0, "num_statements": 0, "percent_covered": 100.0, "percent_covered_display": "100", "missing_lines": 0, "excluded_lines": 1}, "missing_lines": [], "excluded_lines": [102]}, "AnalysisObject.get_suggestion": {"executed_lines": [], "summary": {"covered_lines": 0, "num_statements": 0, "percent_covered": 100.0, "percent_covered_display": "100", "missing_lines": 0, "excluded_lines": 1}, "missing_lines": [], "excluded_lines": [106]}, "AnalysisObject.assign_suspiciousness": {"executed_lines": [], "summary": {"covered_lines": 0, "num_statements": 0, "percent_covered": 100.0, "percent_covered_display": "100", "missing_lines": 0, "excluded_lines": 1}, "missing_lines": [], "excluded_lines": [110]}, "AnalysisObject.handle": {"executed_lines": [], "summary": {"covered_lines": 0, "num_statements": 1, "percent_covered": 0.0, "percent_covered_display": "0", "missing_lines": 1, "excluded_lines": 0}, "missing_lines": [114], "excluded_lines": []}, "AnalysisObject.events": {"executed_lines": [], "summary": {"covered_lines": 0, "num_statements": 0, "percent_covered": 100.0, "percent_covered_display": "100", "missing_lines": 0, "excluded_lines": 1}, "missing_lines": [], "excluded_lines": [119]}, "AnalysisObject.__gt__": {"executed_lines": [], "summary": {"covered_lines": 0, "num_statements": 5, "percent_covered": 0.0, "percent_covered_display": "0", "missing_lines": 5, "excluded_lines": 0}, "missing_lines": [122, 123, 124, 125, 127], "excluded_lines": []}, "AnalysisObject.__lt__": {"executed_lines": [], "summary": {"covered_lines": 0, "num_statements": 5, "percent_covered": 0.0, "percent_covered_display": "0", "missing_lines": 5, "excluded_lines": 0}, "missing_lines": [130, 131, 132, 133, 135], "excluded_lines": []}, "AnalysisObject.__ge__": {"executed_lines": [], "summary": {"covered_lines": 0, "num_statements": 5, "percent_covered": 0.0, "percent_covered_display": "0", "missing_lines": 5, "excluded_lines": 0}, "missing_lines": [138, 139, 140, 141, 143], "excluded_lines": []}, "AnalysisObject.__le__": {"executed_lines": [], "summary": {"covered_lines": 0, "num_statements": 5, "percent_covered": 0.0, "percent_covered_display": "0", "missing_lines": 5, "excluded_lines": 0}, "missing_lines": [146, 147, 148, 149, 151], "excluded_lines": []}, "MetaEvent.__init__": {"executed_lines": [], "summary": {"covered_lines": 0, "num_statements": 6, "percent_covered": 0.0, "percent_covered_display": "0", "missing_lines": 6, "excluded_lines": 0}, "missing_lines": [164, 165, 166, 167, 168, 169], "excluded_lines": []}, "": {"executed_lines": [1, 2, 3, 5, 6, 9, 10, 11, 12, 15, 16, 17, 18, 19, 20, 21, 22, 23, 24, 25, 26, 27, 28, 29, 30, 31, 32, 34, 37, 41, 46, 47, 48, 49, 51, 52, 58, 63, 66, 67, 70, 71, 72, 75, 78, 81, 84, 85, 86, 89, 93, 96, 97, 100, 101, 104, 105, 108, 109, 112, 113, 116, 117, 118, 121, 129, 137, 145, 154, 155], "summary": {"covered_lines": 51, "num_statements": 51, "percent_covered": 100.0, "percent_covered_display": "100", "missing_lines": 0, "excluded_lines": 19}, "missing_lines": [], "excluded_lines": [66, 67, 70, 71, 72, 84, 85, 86, 96, 97, 100, 101, 104, 105, 108, 109, 116, 117, 118]}}, "classes": {"EvaluationResult": {"executed_lines": [], "summary": {"covered_lines": 0, "num_statements": 0, "percent_covered": 100.0, "percent_covered_display": "100", "missing_lines": 0, "excluded_lines": 0}, "missing_lines": [], "excluded_lines": []}, "AnalysisType": {"executed_lines": [], "summary": {"covered_lines": 0, "num_statements": 2, "percent_covered": 0.0, "percent_covered_display": "0", "missing_lines": 2, "excluded_lines": 0}, "missing_lines": [35, 38], "excluded_lines": []}, "AnalysisObject": {"executed_lines": [59, 60, 61], "summary": {"covered_lines": 3, "num_statements": 34, "percent_covered": 8.823529411764707, "percent_covered_display": "9", "missing_lines": 31, "excluded_lines": 8}, "missing_lines": [53, 54, 55, 64, 76, 79, 82, 90, 91, 94, 114, 122, 123, 124, 125, 127, 130, 131, 132, 133, 135, 138, 139, 140, 141, 143, 146, 147, 148, 149, 151], "excluded_lines": [68, 73, 87, 98, 102, 106, 110, 119]}, "MetaEvent": {"executed_lines": [], "summary": {"covered_lines": 0, "num_statements": 6, "percent_covered": 0.0, "percent_covered_display": "0", "missing_lines": 6, "excluded_lines": 0}, "missing_lines": [164, 165, 166, 167, 168, 169], "excluded_lines": []}, "": {"executed_lines": [1, 2, 3, 5, 6, 9, 10, 11, 12, 15, 16, 17, 18, 19, 20, 21, 22, 23, 24, 25, 26, 27, 28, 29, 30, 31, 32, 34, 37, 41, 46, 47, 48, 49, 51, 52, 58, 63, 66, 67, 70, 71, 72, 75, 78, 81, 84, 85, 86, 89, 93, 96, 97, 100, 101, 104, 105, 108, 109, 112, 113, 116, 117, 118, 121, 129, 137, 145, 154, 155], "summary": {"covered_lines": 51, "num_statements": 51, "percent_covered": 100.0, "percent_covered_display": "100", "missing_lines": 0, "excluded_lines": 19}, "missing_lines": [], "excluded_lines": [66, 67, 70, 71, 72, 84, 85, 86, 96, 97, 100, 101, 104, 105, 108, 109, 116, 117, 118]}}}, "src/sflkit/analysis/analyzer.py": {"executed_lines": [1, 2, 3, 4, 6, 7, 8, 22, 23, 24, 25, 26, 29, 30, 37, 38, 76, 85, 90, 105, 109, 112, 113, 116, 117, 120, 123, 128, 143, 180, 196, 201, 241], "summary": {"covered_lines": 33, "num_statements": 150, "percent_covered": 22.0, "percent_covered_display": "22", "missing_lines": 117, "excluded_lines": 3}, "missing_lines": [31, 32, 34, 48, 53, 54, 55, 57, 58, 59, 60, 61, 63, 64, 65, 67, 68, 69, 70, 71, 72, 73, 74, 77, 79, 80, 81, 82, 83, 86, 88, 91, 93, 94, 95, 96, 97, 98, 100, 101, 102, 103, 106, 107, 110, 114, 118, 121, 124, 135, 136, 138, 139, 150, 151, 152, 158, 159, 160, 162, 164, 165, 166, 167, 168, 172, 183, 184, 186, 187, 188, 189, 190, 191, 193, 194, 197, 198, 202, 203, 204, 205, 206, 207, 208, 209, 210, 211, 212, 213, 214, 215, 216, 217, 218, 219, 220, 221, 222, 223, 224, 225, 226, 227, 228, 229, 230, 231, 232, 233, 234, 235, 236, 238, 242, 243, 244], "excluded_lines": [78, 87, 92], "functions": {"AnalysisEncoder.default": {"executed_lines": [], "summary": {"covered_lines": 0, "num_statements": 3, "percent_covered": 0.0, "percent_covered_display": "0", "missing_lines": 3, "excluded_lines": 0}, "missing_lines": [31, 32, 34], "excluded_lines": []}, "Analyzer.__init__": {"executed_lines": [], "summary": {"covered_lines": 0, "num_statements": 20, "percent_covered": 0.0, "percent_covered_display": "0", "missing_lines": 20, "excluded_lines": 0}, "missing_lines": [48, 53, 54, 55, 57, 58, 59, 60, 61, 63, 64, 65, 67, 68, 69, 70, 71, 72, 73, 74], "excluded_lines": []}, "Analyzer._analyze": {"executed_lines": [], "summary": {"covered_lines": 0, "num_statements": 6, "percent_covered": 0.0, "percent_covered_display": "0", "missing_lines": 6, "excluded_lines": 1}, "missing_lines": [77, 79, 80, 81, 82, 83], "excluded_lines": [78]}, "Analyzer._finalize": {"executed_lines": [], "summary": {"covered_lines": 0, "num_statements": 2, "percent_covered": 0.0, "percent_covered_display": "0", "missing_lines": 2, "excluded_lines": 1}, "missing_lines": [86, 88], "excluded_lines": [87]}, "Analyzer.analyze": {"executed_lines": [], "summary": {"covered_lines": 0, "num_statements": 11, "percent_covered": 0.0, "percent_covered_display": "0", "missing_lines": 11, "excluded_lines": 1}, "missing_lines": [91, 93, 94, 95, 96, 97, 98, 100, 101, 102, 103], "excluded_lines": [92]}, "Analyzer.dump": {"executed_lines": [], "summary": {"covered_lines": 0, "num_statements": 2, "percent_covered": 0.0, "percent_covered_display": "0", "missing_lines": 2, "excluded_lines": 0}, "missing_lines": [106, 107], "excluded_lines": []}, "Analyzer.dumps": {"executed_lines": [], "summary": {"covered_lines": 0, "num_statements": 1, "percent_covered": 0.0, "percent_covered_display": "0", "missing_lines": 1, "excluded_lines": 0}, "missing_lines": [110], "excluded_lines": []}, "Analyzer.load": {"executed_lines": [], "summary": {"covered_lines": 0, "num_statements": 1, "percent_covered": 0.0, "percent_covered_display": "0", "missing_lines": 1, "excluded_lines": 0}, "missing_lines": [114], "excluded_lines": []}, "Analyzer.loads": {"executed_lines": [], "summary": {"covered_lines": 0, "num_statements": 1, "percent_covered": 0.0, "percent_covered_display": "0", "missing_lines": 1, "excluded_lines": 0}, "missing_lines": [118], "excluded_lines": []}, "Analyzer.get_analysis": {"executed_lines": [], "summary": {"covered_lines": 0, "num_statements": 1, "percent_covered": 0.0, "percent_covered_display": "0", "missing_lines": 1, "excluded_lines": 0}, "missing_lines": [121], "excluded_lines": []}, "Analyzer.get_analysis_by_type": {"executed_lines": [], "summary": {"covered_lines": 0, "num_statements": 1, "percent_covered": 0.0, "percent_covered_display": "0", "missing_lines": 1, "excluded_lines": 0}, "missing_lines": [124], "excluded_lines": []}, "Analyzer.get_sorted_suggestions": {"executed_lines": [], "summary": {"covered_lines": 0, "num_statements": 4, "percent_covered": 0.0, "percent_covered_display": "0", "missing_lines": 4, "excluded_lines": 0}, "missing_lines": [135, 136, 138, 139], "excluded_lines": []}, "Analyzer.get_sorted_suggestions_from_analysis": {"executed_lines": [], "summary": {"covered_lines": 0, "num_statements": 13, "percent_covered": 0.0, "percent_covered_display": "0", "missing_lines": 13, "excluded_lines": 0}, "missing_lines": [150, 151, 152, 158, 159, 160, 162, 164, 165, 166, 167, 168, 172], "excluded_lines": []}, "Analyzer.get_coverage_per_run": {"executed_lines": [], "summary": {"covered_lines": 0, "num_statements": 10, "percent_covered": 0.0, "percent_covered_display": "0", "missing_lines": 10, "excluded_lines": 0}, "missing_lines": [183, 184, 186, 187, 188, 189, 190, 191, 193, 194], "excluded_lines": []}, "Analyzer.get_coverage": {"executed_lines": [], "summary": {"covered_lines": 0, "num_statements": 2, "percent_covered": 0.0, "percent_covered_display": "0", "missing_lines": 2, "excluded_lines": 0}, "missing_lines": [197, 198], "excluded_lines": []}, "deserialize": {"executed_lines": [], "summary": {"covered_lines": 0, "num_statements": 36, "percent_covered": 0.0, "percent_covered_display": "0", "missing_lines": 36, "excluded_lines": 0}, "missing_lines": [202, 203, 204, 205, 206, 207, 208, 209, 210, 211, 212, 213, 214, 215, 216, 217, 218, 219, 220, 221, 222, 223, 224, 225, 226, 227, 228, 229, 230, 231, 232, 233, 234, 235, 236, 238], "excluded_lines": []}, "load_analysis_json": {"executed_lines": [], "summary": {"covered_lines": 0, "num_statements": 3, "percent_covered": 0.0, "percent_covered_display": "0", "missing_lines": 3, "excluded_lines": 0}, "missing_lines": [242, 243, 244], "excluded_lines": []}, "": {"executed_lines": [1, 2, 3, 4, 6, 7, 8, 22, 23, 24, 25, 26, 29, 30, 37, 38, 76, 85, 90, 105, 109, 112, 113, 116, 117, 120, 123, 128, 143, 180, 196, 201, 241], "summary": {"covered_lines": 33, "num_statements": 33, "percent_covered": 100.0, "percent_covered_display": "100", "missing_lines": 0, "excluded_lines": 0}, "missing_lines": [], "excluded_lines": []}}, "classes": {"AnalysisEncoder": {"executed_lines": [], "summary": {"covered_lines": 0, "num_statements": 3, "percent_covered": 0.0, "percent_covered_display": "0", "missing_lines": 3, "excluded_lines": 0}, "missing_lines": [31, 32, 34], "excluded_lines": []}, "Analyzer": {"executed_lines": [], "summary": {"covered_lines": 0, "num_statements": 75, "percent_covered": 0.0, "percent_covered_display": "0", "missing_lines": 75, "excluded_lines": 3}, "missing_lines": [48, 53, 54, 55, 57, 58, 59, 60, 61, 63, 64, 65, 67, 68, 69, 70, 71, 72, 73, 74, 77, 79, 80, 81, 82, 83, 86, 88, 91, 93, 94, 95, 96, 97, 98, 100, 101, 102, 103, 106, 107, 110, 114, 118, 121, 124, 135, 136, 138, 139, 150, 151, 152, 158, 159, 160, 162, 164, 165, 166, 167, 168, 172, 183, 184, 186, 187, 188, 189, 190, 191, 193, 194, 197, 198], "excluded_lines": [78, 87, 92]}, "": {"executed_lines": [1, 2, 3, 4, 6, 7, 8, 22, 23, 24, 25, 26, 29, 30, 37, 38, 76, 85, 90, 105, 109, 112, 113, 116, 117, 120, 123, 128, 143, 180, 196, 201, 241], "summary": {"covered_lines": 33, "num_statements": 72, "percent_covered": 45.833333333333336, "percent_covered_display": "46", "missing_lines": 39, "excluded_lines": 0}, "missing_lines": [202, 203, 204, 205, 206, 207, 208, 209, 210, 211, 212, 213, 214, 215, 216, 217, 218, 219, 220, 221, 222, 223, 224, 225, 226, 227, 228, 229, 230, 231, 232, 233, 234, 235, 236, 238, 242, 243, 244], "excluded_lines": []}}}, "src/sflkit/analysis/factory.py": {"executed_lines": [1, 2, 3, 5, 6, 8, 9, 24, 25, 26, 29, 30, 34, 35, 40, 47, 50, 51, 54, 58, 59, 63, 71, 74, 78, 79, 91, 92, 96, 123, 124, 136, 137, 143, 146, 176, 177, 184, 190, 211, 253, 254, 276, 277, 302, 303, 354, 355, 381, 382, 451, 452, 456, 478, 479, 483, 484, 488, 489, 493, 494, 498, 516, 517, 521, 522, 526, 527, 531, 532, 540, 543, 567, 568, 572, 594], "summary": {"covered_lines": 74, "num_statements": 329, "percent_covered": 22.492401215805472, "percent_covered_display": "22", "missing_lines": 255, "excluded_lines": 5}, "missing_lines": [31, 32, 41, 42, 43, 45, 48, 52, 55, 60, 61, 66, 72, 75, 82, 83, 84, 85, 86, 87, 88, 93, 94, 99, 100, 101, 102, 103, 104, 105, 106, 112, 113, 114, 117, 118, 120, 127, 128, 129, 130, 131, 132, 133, 138, 139, 140, 141, 144, 149, 154, 155, 156, 157, 158, 159, 160, 161, 162, 163, 164, 165, 166, 167, 168, 169, 170, 171, 172, 173, 178, 179, 180, 185, 186, 187, 188, 198, 199, 200, 205, 206, 207, 209, 214, 215, 217, 218, 221, 222, 223, 224, 225, 226, 229, 230, 232, 233, 237, 238, 246, 247, 248, 249, 250, 257, 258, 259, 260, 267, 268, 269, 272, 273, 286, 287, 288, 289, 290, 291, 292, 293, 294, 295, 296, 297, 298, 299, 306, 307, 308, 309, 310, 311, 312, 313, 314, 315, 324, 325, 326, 329, 331, 332, 333, 334, 335, 344, 345, 346, 349, 350, 351, 358, 363, 364, 365, 373, 374, 375, 376, 377, 378, 385, 386, 387, 388, 389, 390, 391, 392, 393, 395, 396, 397, 398, 399, 407, 408, 409, 412, 413, 414, 415, 416, 424, 425, 426, 429, 431, 432, 433, 441, 442, 443, 446, 447, 448, 453, 454, 459, 460, 461, 462, 469, 470, 472, 473, 474, 475, 480, 485, 490, 495, 496, 501, 502, 508, 509, 511, 512, 513, 518, 523, 528, 535, 536, 537, 538, 541, 546, 547, 548, 549, 550, 551, 552, 555, 556, 559, 560, 563, 564, 569, 570, 575, 576, 577, 578, 579, 585, 586, 587, 590, 591], "excluded_lines": [34, 35, 36, 37, 38], "functions": {"AnalysisFactory.__init__": {"executed_lines": [], "summary": {"covered_lines": 0, "num_statements": 2, "percent_covered": 0.0, "percent_covered_display": "0", "missing_lines": 2, "excluded_lines": 0}, "missing_lines": [31, 32], "excluded_lines": []}, "AnalysisFactory.get_analysis": {"executed_lines": [], "summary": {"covered_lines": 0, "num_statements": 0, "percent_covered": 100.0, "percent_covered_display": "100", "missing_lines": 0, "excluded_lines": 1}, "missing_lines": [], "excluded_lines": [38]}, "AnalysisFactory.handle": {"executed_lines": [], "summary": {"covered_lines": 0, "num_statements": 4, "percent_covered": 0.0, "percent_covered_display": "0", "missing_lines": 4, "excluded_lines": 0}, "missing_lines": [41, 42, 43, 45], "excluded_lines": []}, "AnalysisFactory.reset": {"executed_lines": [], "summary": {"covered_lines": 0, "num_statements": 1, "percent_covered": 0.0, "percent_covered_display": "0", "missing_lines": 1, "excluded_lines": 0}, "missing_lines": [48], "excluded_lines": []}, "AnalysisFactory.default": {"executed_lines": [], "summary": {"covered_lines": 0, "num_statements": 1, "percent_covered": 0.0, "percent_covered_display": "0", "missing_lines": 1, "excluded_lines": 0}, "missing_lines": [52], "excluded_lines": []}, "AnalysisFactory.get_all": {"executed_lines": [], "summary": {"covered_lines": 0, "num_statements": 1, "percent_covered": 0.0, "percent_covered_display": "0", "missing_lines": 1, "excluded_lines": 0}, "missing_lines": [55], "excluded_lines": []}, "CombinationFactory.__init__": {"executed_lines": [], "summary": {"covered_lines": 0, "num_statements": 2, "percent_covered": 0.0, "percent_covered_display": "0", "missing_lines": 2, "excluded_lines": 0}, "missing_lines": [60, 61], "excluded_lines": []}, "CombinationFactory.get_analysis": {"executed_lines": [], "summary": {"covered_lines": 0, "num_statements": 1, "percent_covered": 0.0, "percent_covered_display": "0", "missing_lines": 1, "excluded_lines": 0}, "missing_lines": [66], "excluded_lines": []}, "CombinationFactory.reset": {"executed_lines": [], "summary": {"covered_lines": 0, "num_statements": 1, "percent_covered": 0.0, "percent_covered_display": "0", "missing_lines": 1, "excluded_lines": 0}, "missing_lines": [72], "excluded_lines": []}, "CombinationFactory.get_all": {"executed_lines": [], "summary": {"covered_lines": 0, "num_statements": 1, "percent_covered": 0.0, "percent_covered_display": "0", "missing_lines": 1, "excluded_lines": 0}, "missing_lines": [75], "excluded_lines": []}, "LineFactory.get_analysis": {"executed_lines": [], "summary": {"covered_lines": 0, "num_statements": 7, "percent_covered": 0.0, "percent_covered_display": "0", "missing_lines": 7, "excluded_lines": 0}, "missing_lines": [82, 83, 84, 85, 86, 87, 88], "excluded_lines": []}, "BranchFactory.__init__": {"executed_lines": [], "summary": {"covered_lines": 0, "num_statements": 2, "percent_covered": 0.0, "percent_covered_display": "0", "missing_lines": 2, "excluded_lines": 0}, "missing_lines": [93, 94], "excluded_lines": []}, "BranchFactory.get_analysis": {"executed_lines": [], "summary": {"covered_lines": 0, "num_statements": 14, "percent_covered": 0.0, "percent_covered_display": "0", "missing_lines": 14, "excluded_lines": 0}, "missing_lines": [99, 100, 101, 102, 103, 104, 105, 106, 112, 113, 114, 117, 118, 120], "excluded_lines": []}, "FunctionFactory.get_analysis": {"executed_lines": [], "summary": {"covered_lines": 0, "num_statements": 7, "percent_covered": 0.0, "percent_covered_display": "0", "missing_lines": 7, "excluded_lines": 0}, "missing_lines": [127, 128, 129, 130, 131, 132, 133], "excluded_lines": []}, "LoopFactory.__init__": {"executed_lines": [], "summary": {"covered_lines": 0, "num_statements": 4, "percent_covered": 0.0, "percent_covered_display": "0", "missing_lines": 4, "excluded_lines": 0}, "missing_lines": [138, 139, 140, 141], "excluded_lines": []}, "LoopFactory.get_all": {"executed_lines": [], "summary": {"covered_lines": 0, "num_statements": 1, "percent_covered": 0.0, "percent_covered_display": "0", "missing_lines": 1, "excluded_lines": 0}, "missing_lines": [144], "excluded_lines": []}, "LoopFactory.get_analysis": {"executed_lines": [], "summary": {"covered_lines": 0, "num_statements": 21, "percent_covered": 0.0, "percent_covered_display": "0", "missing_lines": 21, "excluded_lines": 0}, "missing_lines": [149, 154, 155, 156, 157, 158, 159, 160, 161, 162, 163, 164, 165, 166, 167, 168, 169, 170, 171, 172, 173], "excluded_lines": []}, "DefUseFactory.__init__": {"executed_lines": [], "summary": {"covered_lines": 0, "num_statements": 3, "percent_covered": 0.0, "percent_covered_display": "0", "missing_lines": 3, "excluded_lines": 0}, "missing_lines": [178, 179, 180], "excluded_lines": []}, "DefUseFactory.reset": {"executed_lines": [], "summary": {"covered_lines": 0, "num_statements": 4, "percent_covered": 0.0, "percent_covered_display": "0", "missing_lines": 4, "excluded_lines": 0}, "missing_lines": [185, 186, 187, 188], "excluded_lines": []}, "DefUseFactory._find_def_event": {"executed_lines": [], "summary": {"covered_lines": 0, "num_statements": 7, "percent_covered": 0.0, "percent_covered_display": "0", "missing_lines": 7, "excluded_lines": 0}, "missing_lines": [198, 199, 200, 205, 206, 207, 209], "excluded_lines": []}, "DefUseFactory.get_analysis": {"executed_lines": [], "summary": {"covered_lines": 0, "num_statements": 21, "percent_covered": 0.0, "percent_covered_display": "0", "missing_lines": 21, "excluded_lines": 0}, "missing_lines": [214, 215, 217, 218, 221, 222, 223, 224, 225, 226, 229, 230, 232, 233, 237, 238, 246, 247, 248, 249, 250], "excluded_lines": []}, "ConditionFactory.get_analysis": {"executed_lines": [], "summary": {"covered_lines": 0, "num_statements": 9, "percent_covered": 0.0, "percent_covered_display": "0", "missing_lines": 9, "excluded_lines": 0}, "missing_lines": [257, 258, 259, 260, 267, 268, 269, 272, 273], "excluded_lines": []}, "ComparisonFactory.__init__": {"executed_lines": [], "summary": {"covered_lines": 0, "num_statements": 14, "percent_covered": 0.0, "percent_covered_display": "0", "missing_lines": 14, "excluded_lines": 0}, "missing_lines": [286, 287, 288, 289, 290, 291, 292, 293, 294, 295, 296, 297, 298, 299], "excluded_lines": []}, "ScalarPairFactory.get_analysis": {"executed_lines": [], "summary": {"covered_lines": 0, "num_statements": 25, "percent_covered": 0.0, "percent_covered_display": "0", "missing_lines": 25, "excluded_lines": 0}, "missing_lines": [306, 307, 308, 309, 310, 311, 312, 313, 314, 315, 324, 325, 326, 329, 331, 332, 333, 334, 335, 344, 345, 346, 349, 350, 351], "excluded_lines": []}, "VariableFactory.get_analysis": {"executed_lines": [], "summary": {"covered_lines": 0, "num_statements": 10, "percent_covered": 0.0, "percent_covered_display": "0", "missing_lines": 10, "excluded_lines": 0}, "missing_lines": [358, 363, 364, 365, 373, 374, 375, 376, 377, 378], "excluded_lines": []}, "ReturnFactory.get_analysis": {"executed_lines": [], "summary": {"covered_lines": 0, "num_statements": 35, "percent_covered": 0.0, "percent_covered_display": "0", "missing_lines": 35, "excluded_lines": 0}, "missing_lines": [385, 386, 387, 388, 389, 390, 391, 392, 393, 395, 396, 397, 398, 399, 407, 408, 409, 412, 413, 414, 415, 416, 424, 425, 426, 429, 431, 432, 433, 441, 442, 443, 446, 447, 448], "excluded_lines": []}, "ConstantCompFactory.__init__": {"executed_lines": [], "summary": {"covered_lines": 0, "num_statements": 2, "percent_covered": 0.0, "percent_covered_display": "0", "missing_lines": 2, "excluded_lines": 0}, "missing_lines": [453, 454], "excluded_lines": []}, "ConstantCompFactory.get_analysis": {"executed_lines": [], "summary": {"covered_lines": 0, "num_statements": 10, "percent_covered": 0.0, "percent_covered_display": "0", "missing_lines": 10, "excluded_lines": 0}, "missing_lines": [459, 460, 461, 462, 469, 470, 472, 473, 474, 475], "excluded_lines": []}, "NoneFactory.__init__": {"executed_lines": [], "summary": {"covered_lines": 0, "num_statements": 1, "percent_covered": 0.0, "percent_covered_display": "0", "missing_lines": 1, "excluded_lines": 0}, "missing_lines": [480], "excluded_lines": []}, "EmptyStringFactory.__init__": {"executed_lines": [], "summary": {"covered_lines": 0, "num_statements": 1, "percent_covered": 0.0, "percent_covered_display": "0", "missing_lines": 1, "excluded_lines": 0}, "missing_lines": [485], "excluded_lines": []}, "EmptyBytesFactory.__init__": {"executed_lines": [], "summary": {"covered_lines": 0, "num_statements": 1, "percent_covered": 0.0, "percent_covered_display": "0", "missing_lines": 1, "excluded_lines": 0}, "missing_lines": [490], "excluded_lines": []}, "PredicateFunctionFactory.__init__": {"executed_lines": [], "summary": {"covered_lines": 0, "num_statements": 2, "percent_covered": 0.0, "percent_covered_display": "0", "missing_lines": 2, "excluded_lines": 0}, "missing_lines": [495, 496], "excluded_lines": []}, "PredicateFunctionFactory.get_analysis": {"executed_lines": [], "summary": {"covered_lines": 0, "num_statements": 7, "percent_covered": 0.0, "percent_covered_display": "0", "missing_lines": 7, "excluded_lines": 0}, "missing_lines": [501, 502, 508, 509, 511, 512, 513], "excluded_lines": []}, "IsAsciiFactory.__init__": {"executed_lines": [], "summary": {"covered_lines": 0, "num_statements": 1, "percent_covered": 0.0, "percent_covered_display": "0", "missing_lines": 1, "excluded_lines": 0}, "missing_lines": [518], "excluded_lines": []}, "ContainsDigitFactory.__init__": {"executed_lines": [], "summary": {"covered_lines": 0, "num_statements": 1, "percent_covered": 0.0, "percent_covered_display": "0", "missing_lines": 1, "excluded_lines": 0}, "missing_lines": [523], "excluded_lines": []}, "ContainsSpecialFactory.__init__": {"executed_lines": [], "summary": {"covered_lines": 0, "num_statements": 1, "percent_covered": 0.0, "percent_covered_display": "0", "missing_lines": 1, "excluded_lines": 0}, "missing_lines": [528], "excluded_lines": []}, "LengthFactory.__init__": {"executed_lines": [], "summary": {"covered_lines": 0, "num_statements": 4, "percent_covered": 0.0, "percent_covered_display": "0", "missing_lines": 4, "excluded_lines": 0}, "missing_lines": [535, 536, 537, 538], "excluded_lines": []}, "LengthFactory.get_all": {"executed_lines": [], "summary": {"covered_lines": 0, "num_statements": 1, "percent_covered": 0.0, "percent_covered_display": "0", "missing_lines": 1, "excluded_lines": 0}, "missing_lines": [541], "excluded_lines": []}, "LengthFactory.get_analysis": {"executed_lines": [], "summary": {"covered_lines": 0, "num_statements": 13, "percent_covered": 0.0, "percent_covered_display": "0", "missing_lines": 13, "excluded_lines": 0}, "missing_lines": [546, 547, 548, 549, 550, 551, 552, 555, 556, 559, 560, 563, 564], "excluded_lines": []}, "FunctionErrorFactory.__init__": {"executed_lines": [], "summary": {"covered_lines": 0, "num_statements": 2, "percent_covered": 0.0, "percent_covered_display": "0", "missing_lines": 2, "excluded_lines": 0}, "missing_lines": [569, 570], "excluded_lines": []}, "FunctionErrorFactory.get_analysis": {"executed_lines": [], "summary": {"covered_lines": 0, "num_statements": 10, "percent_covered": 0.0, "percent_covered_display": "0", "missing_lines": 10, "excluded_lines": 0}, "missing_lines": [575, 576, 577, 578, 579, 585, 586, 587, 590, 591], "excluded_lines": []}, "": {"executed_lines": [1, 2, 3, 5, 6, 8, 9, 24, 25, 26, 29, 30, 34, 35, 40, 47, 50, 51, 54, 58, 59, 63, 71, 74, 78, 79, 91, 92, 96, 123, 124, 136, 137, 143, 146, 176, 177, 184, 190, 211, 253, 254, 276, 277, 302, 303, 354, 355, 381, 382, 451, 452, 456, 478, 479, 483, 484, 488, 489, 493, 494, 498, 516, 517, 521, 522, 526, 527, 531, 532, 540, 543, 567, 568, 572, 594], "summary": {"covered_lines": 74, "num_statements": 74, "percent_covered": 100.0, "percent_covered_display": "100", "missing_lines": 0, "excluded_lines": 4}, "missing_lines": [], "excluded_lines": [34, 35, 36, 37]}}, "classes": {"AnalysisFactory": {"executed_lines": [], "summary": {"covered_lines": 0, "num_statements": 9, "percent_covered": 0.0, "percent_covered_display": "0", "missing_lines": 9, "excluded_lines": 1}, "missing_lines": [31, 32, 41, 42, 43, 45, 48, 52, 55], "excluded_lines": [38]}, "CombinationFactory": {"executed_lines": [], "summary": {"covered_lines": 0, "num_statements": 5, "percent_covered": 0.0, "percent_covered_display": "0", "missing_lines": 5, "excluded_lines": 0}, "missing_lines": [60, 61, 66, 72, 75], "excluded_lines": []}, "LineFactory": {"executed_lines": [], "summary": {"covered_lines": 0, "num_statements": 7, "percent_covered": 0.0, "percent_covered_display": "0", "missing_lines": 7, "excluded_lines": 0}, "missing_lines": [82, 83, 84, 85, 86, 87, 88], "excluded_lines": []}, "BranchFactory": {"executed_lines": [], "summary": {"covered_lines": 0, "num_statements": 16, "percent_covered": 0.0, "percent_covered_display": "0", "missing_lines": 16, "excluded_lines": 0}, "missing_lines": [93, 94, 99, 100, 101, 102, 103, 104, 105, 106, 112, 113, 114, 117, 118, 120], "excluded_lines": []}, "FunctionFactory": {"executed_lines": [], "summary": {"covered_lines": 0, "num_statements": 7, "percent_covered": 0.0, "percent_covered_display": "0", "missing_lines": 7, "excluded_lines": 0}, "missing_lines": [127, 128, 129, 130, 131, 132, 133], "excluded_lines": []}, "LoopFactory": {"executed_lines": [], "summary": {"covered_lines": 0, "num_statements": 26, "percent_covered": 0.0, "percent_covered_display": "0", "missing_lines": 26, "excluded_lines": 0}, "missing_lines": [138, 139, 140, 141, 144, 149, 154, 155, 156, 157, 158, 159, 160, 161, 162, 163, 164, 165, 166, 167, 168, 169, 170, 171, 172, 173], "excluded_lines": []}, "DefUseFactory": {"executed_lines": [], "summary": {"covered_lines": 0, "num_statements": 35, "percent_covered": 0.0, "percent_covered_display": "0", "missing_lines": 35, "excluded_lines": 0}, "missing_lines": [178, 179, 180, 185, 186, 187, 188, 198, 199, 200, 205, 206, 207, 209, 214, 215, 217, 218, 221, 222, 223, 224, 225, 226, 229, 230, 232, 233, 237, 238, 246, 247, 248, 249, 250], "excluded_lines": []}, "ConditionFactory": {"executed_lines": [], "summary": {"covered_lines": 0, "num_statements": 9, "percent_covered": 0.0, "percent_covered_display": "0", "missing_lines": 9, "excluded_lines": 0}, "missing_lines": [257, 258, 259, 260, 267, 268, 269, 272, 273], "excluded_lines": []}, "ComparisonFactory": {"executed_lines": [], "summary": {"covered_lines": 0, "num_statements": 14, "percent_covered": 0.0, "percent_covered_display": "0", "missing_lines": 14, "excluded_lines": 0}, "missing_lines": [286, 287, 288, 289, 290, 291, 292, 293, 294, 295, 296, 297, 298, 299], "excluded_lines": []}, "ScalarPairFactory": {"executed_lines": [], "summary": {"covered_lines": 0, "num_statements": 25, "percent_covered": 0.0, "percent_covered_display": "0", "missing_lines": 25, "excluded_lines": 0}, "missing_lines": [306, 307, 308, 309, 310, 311, 312, 313, 314, 315, 324, 325, 326, 329, 331, 332, 333, 334, 335, 344, 345, 346, 349, 350, 351], "excluded_lines": []}, "VariableFactory": {"executed_lines": [], "summary": {"covered_lines": 0, "num_statements": 10, "percent_covered": 0.0, "percent_covered_display": "0", "missing_lines": 10, "excluded_lines": 0}, "missing_lines": [358, 363, 364, 365, 373, 374, 375, 376, 377, 378], "excluded_lines": []}, "ReturnFactory": {"executed_lines": [], "summary": {"covered_lines": 0, "num_statements": 35, "percent_covered": 0.0, "percent_covered_display": "0", "missing_lines": 35, "excluded_lines": 0}, "missing_lines": [385, 386, 387, 388, 389, 390, 391, 392, 393, 395, 396, 397, 398, 399, 407, 408, 409, 412, 413, 414, 415, 416, 424, 425, 426, 429, 431, 432, 433, 441, 442, 443, 446, 447, 448], "excluded_lines": []}, "ConstantCompFactory": {"executed_lines": [], "summary": {"covered_lines": 0, "num_statements": 12, "percent_covered": 0.0, "percent_covered_display": "0", "missing_lines": 12, "excluded_lines": 0}, "missing_lines": [453, 454, 459, 460, 461, 462, 469, 470, 472, 473, 474, 475], "excluded_lines": []}, "NoneFactory": {"executed_lines": [], "summary": {"covered_lines": 0, "num_statements": 1, "percent_covered": 0.0, "percent_covered_display": "0", "missing_lines": 1, "excluded_lines": 0}, "missing_lines": [480], "excluded_lines": []}, "EmptyStringFactory": {"executed_lines": [], "summary": {"covered_lines": 0, "num_statements": 1, "percent_covered": 0.0, "percent_covered_display": "0", "missing_lines": 1, "excluded_lines": 0}, "missing_lines": [485], "excluded_lines": []}, "EmptyBytesFactory": {"executed_lines": [], "summary": {"covered_lines": 0, "num_statements": 1, "percent_covered": 0.0, "percent_covered_display": "0", "missing_lines": 1, "excluded_lines": 0}, "missing_lines": [490], "excluded_lines": []}, "PredicateFunctionFactory": {"executed_lines": [], "summary": {"covered_lines": 0, "num_statements": 9, "percent_covered": 0.0, "percent_covered_display": "0", "missing_lines": 9, "excluded_lines": 0}, "missing_lines": [495, 496, 501, 502, 508, 509, 511, 512, 513], "excluded_lines": []}, "IsAsciiFactory": {"executed_lines": [], "summary": {"covered_lines": 0, "num_statements": 1, "percent_covered": 0.0, "percent_covered_display": "0", "missing_lines": 1, "excluded_lines": 0}, "missing_lines": [518], "excluded_lines": []}, "ContainsDigitFactory": {"executed_lines": [], "summary": {"covered_lines": 0, "num_statements": 1, "percent_covered": 0.0, "percent_covered_display": "0", "missing_lines": 1, "excluded_lines": 0}, "missing_lines": [523], "excluded_lines": []}, "ContainsSpecialFactory": {"executed_lines": [], "summary": {"covered_lines": 0, "num_statements": 1, "percent_covered": 0.0, "percent_covered_display": "0", "missing_lines": 1, "excluded_lines": 0}, "missing_lines": [528], "excluded_lines": []}, "LengthFactory": {"executed_lines": [], "summary": {"covered_lines": 0, "num_statements": 18, "percent_covered": 0.0, "percent_covered_display": "0", "missing_lines": 18, "excluded_lines": 0}, "missing_lines": [535, 536, 537, 538, 541, 546, 547, 548, 549, 550, 551, 552, 555, 556, 559, 560, 563, 564], "excluded_lines": []}, "FunctionErrorFactory": {"executed_lines": [], "summary": {"covered_lines": 0, "num_statements": 12, "percent_covered": 0.0, "percent_covered_display": "0", "missing_lines": 12, "excluded_lines": 0}, "missing_lines": [569, 570, 575, 576, 577, 578, 579, 585, 586, 587, 590, 591], "excluded_lines": []}, "": {"executed_lines": [1, 2, 3, 5, 6, 8, 9, 24, 25, 26, 29, 30, 34, 35, 40, 47, 50, 51, 54, 58, 59, 63, 71, 74, 78, 79, 91, 92, 96, 123, 124, 136, 137, 143, 146, 176, 177, 184, 190, 211, 253, 254, 276, 277, 302, 303, 354, 355, 381, 382, 451, 452, 456, 478, 479, 483, 484, 488, 489, 493, 494, 498, 516, 517, 521, 522, 526, 527, 531, 532, 540, 543, 567, 568, 572, 594], "summary": {"covered_lines": 74, "num_statements": 74, "percent_covered": 100.0, "percent_covered_display": "100", "missing_lines": 0, "excluded_lines": 4}, "missing_lines": [], "excluded_lines": [34, 35, 36, 37]}}}, "src/sflkit/analysis/mapping.py": {"executed_lines": [1, 2, 3, 11, 16, 22, 24, 25, 26, 27, 28, 29, 31, 32, 33, 34, 35, 36, 37, 38, 39, 40, 41, 42, 43, 45], "summary": {"covered_lines": 26, "num_statements": 26, "percent_covered": 100.0, "percent_covered_display": "100", "missing_lines": 0, "excluded_lines": 0}, "missing_lines": [], "excluded_lines": [], "functions": {"": {"executed_lines": [1, 2, 3, 11, 16, 22, 24, 25, 26, 27, 28, 29, 31, 32, 33, 34, 35, 36, 37, 38, 39, 40, 41, 42, 43, 45], "summary": {"covered_lines": 26, "num_statements": 26, "percent_covered": 100.0, "percent_covered_display": "100", "missing_lines": 0, "excluded_lines": 0}, "missing_lines": [], "excluded_lines": []}}, "classes": {"": {"executed_lines": [1, 2, 3, 11, 16, 22, 24, 25, 26, 27, 28, 29, 31, 32, 33, 34, 35, 36, 37, 38, 39, 40, 41, 42, 43, 45], "summary": {"covered_lines": 26, "num_statements": 26, "percent_covered": 100.0, "percent_covered_display": "100", "missing_lines": 0, "excluded_lines": 0}, "missing_lines": [], "excluded_lines": []}}}, "src/sflkit/analysis/predicate.py": {"executed_lines": [1, 2, 3, 5, 6, 14, 20, 21, 22, 23, 26, 27, 28, 29, 30, 31, 32, 33, 34, 35, 36, 37, 38, 40, 53, 65, 66, 69, 76, 91, 108, 113, 116, 119, 122, 125, 128, 143, 155, 158, 161, 166, 172, 173, 174, 175, 178, 179, 181, 186, 196, 202, 203, 243, 244, 245, 247, 248, 249, 251, 268, 280, 284, 285, 286, 287, 288, 289, 290, 292, 308, 311, 315, 316, 317, 318, 320, 325, 326, 327, 334, 337, 340, 343, 347, 348, 349, 350, 351, 353, 358, 369, 375, 376, 412, 413, 414, 416, 419, 422, 426, 427, 428, 429, 431, 434, 444, 449, 450, 484, 485, 486, 488, 489, 490, 494, 497, 501, 502, 503, 504, 506, 509, 518, 523, 524, 555, 556, 557, 559, 560, 561, 565, 568, 569, 571, 575, 576, 577, 578, 579, 581, 593, 604, 615, 616, 653, 654, 655, 657, 658, 659, 665, 668, 671, 675, 676, 677, 678, 680, 683, 692, 697, 698, 731, 732, 733, 735, 736, 737, 741, 744, 745, 747, 751, 752, 753, 754, 756, 759, 768, 773, 774, 807, 808, 809, 811, 812, 813, 817, 820, 821, 823, 827, 828, 829, 830, 831, 833, 838, 839, 840, 844, 849, 850, 851, 853, 856, 865, 866, 898, 899, 900, 902, 906, 907, 908, 910, 913, 922, 923, 955, 956, 957, 959, 960, 961, 963, 967, 968, 969, 971, 974, 983, 984, 1016, 1017, 1018, 1020, 1021, 1022, 1024, 1028, 1029, 1030, 1031, 1032, 1034, 1039, 1049, 1055, 1056, 1087, 1088, 1089, 1091, 1092, 1093, 1095, 1113, 1117, 1118, 1122, 1125, 1134, 1139, 1140, 1170, 1171, 1174, 1175, 1182, 1185, 1194], "summary": {"covered_lines": 274, "num_statements": 561, "percent_covered": 48.84135472370767, "percent_covered_display": "49", "missing_lines": 287, "excluded_lines": 0}, "missing_lines": [41, 42, 43, 44, 45, 46, 47, 48, 49, 50, 51, 54, 55, 56, 57, 58, 59, 60, 61, 62, 63, 67, 72, 73, 74, 77, 78, 79, 80, 81, 83, 84, 85, 86, 87, 89, 92, 93, 94, 95, 96, 97, 98, 99, 100, 101, 102, 103, 104, 106, 109, 110, 111, 114, 117, 120, 123, 126, 129, 130, 133, 134, 135, 136, 139, 140, 141, 144, 145, 151, 152, 153, 156, 159, 162, 163, 164, 167, 168, 169, 176, 182, 187, 197, 198, 199, 200, 204, 229, 230, 240, 241, 252, 253, 254, 255, 256, 257, 258, 259, 260, 261, 262, 263, 264, 266, 271, 272, 274, 275, 281, 293, 294, 295, 296, 297, 298, 299, 300, 301, 302, 303, 304, 306, 309, 312, 321, 322, 323, 335, 338, 341, 344, 354, 359, 370, 371, 372, 373, 377, 403, 404, 409, 410, 417, 420, 423, 432, 435, 445, 446, 447, 451, 476, 477, 481, 482, 495, 498, 507, 510, 519, 520, 521, 525, 550, 551, 552, 553, 566, 572, 582, 594, 605, 606, 607, 608, 609, 611, 612, 613, 617, 644, 645, 650, 651, 666, 669, 672, 681, 684, 693, 694, 695, 699, 724, 725, 728, 729, 742, 748, 757, 760, 769, 770, 771, 775, 800, 801, 804, 805, 818, 824, 834, 835, 836, 845, 846, 854, 857, 867, 891, 892, 895, 896, 903, 911, 914, 924, 948, 949, 952, 953, 964, 972, 975, 985, 1009, 1010, 1013, 1014, 1025, 1035, 1040, 1050, 1051, 1052, 1053, 1057, 1082, 1083, 1084, 1085, 1096, 1097, 1098, 1099, 1100, 1101, 1102, 1103, 1104, 1105, 1106, 1107, 1108, 1109, 1111, 1114, 1119, 1120, 1123, 1126, 1135, 1136, 1137, 1141, 1165, 1166, 1167, 1168, 1172, 1176, 1183, 1188, 1189, 1195], "excluded_lines": [], "functions": {"Predicate.__init__": {"executed_lines": [28, 29, 30, 31, 32, 33, 34, 35, 36, 37, 38], "summary": {"covered_lines": 11, "num_statements": 11, "percent_covered": 100.0, "percent_covered_display": "100", "missing_lines": 0, "excluded_lines": 0}, "missing_lines": [], "excluded_lines": []}, "Predicate.serialize": {"executed_lines": [], "summary": {"covered_lines": 0, "num_statements": 11, "percent_covered": 0.0, "percent_covered_display": "0", "missing_lines": 11, "excluded_lines": 0}, "missing_lines": [41, 42, 43, 44, 45, 46, 47, 48, 49, 50, 51], "excluded_lines": []}, "Predicate._deserialize": {"executed_lines": [], "summary": {"covered_lines": 0, "num_statements": 10, "percent_covered": 0.0, "percent_covered_display": "0", "missing_lines": 10, "excluded_lines": 0}, "missing_lines": [54, 55, 56, 57, 58, 59, 60, 61, 62, 63], "excluded_lines": []}, "Predicate.default_evaluation": {"executed_lines": [], "summary": {"covered_lines": 0, "num_statements": 1, "percent_covered": 0.0, "percent_covered_display": "0", "missing_lines": 1, "excluded_lines": 0}, "missing_lines": [67], "excluded_lines": []}, "Predicate.get_last_evaluation": {"executed_lines": [], "summary": {"covered_lines": 0, "num_statements": 3, "percent_covered": 0.0, "percent_covered_display": "0", "missing_lines": 3, "excluded_lines": 0}, "missing_lines": [72, 73, 74], "excluded_lines": []}, "Predicate.finalize": {"executed_lines": [], "summary": {"covered_lines": 0, "num_statements": 11, "percent_covered": 0.0, "percent_covered_display": "0", "missing_lines": 11, "excluded_lines": 0}, "missing_lines": [77, 78, 79, 80, 81, 83, 84, 85, 86, 87, 89], "excluded_lines": []}, "Predicate.hit": {"executed_lines": [], "summary": {"covered_lines": 0, "num_statements": 14, "percent_covered": 0.0, "percent_covered_display": "0", "missing_lines": 14, "excluded_lines": 0}, "missing_lines": [92, 93, 94, 95, 96, 97, 98, 99, 100, 101, 102, 103, 104, 106], "excluded_lines": []}, "Predicate.get_metric": {"executed_lines": [], "summary": {"covered_lines": 0, "num_statements": 3, "percent_covered": 0.0, "percent_covered_display": "0", "missing_lines": 3, "excluded_lines": 0}, "missing_lines": [109, 110, 111], "excluded_lines": []}, "Predicate._evaluate_predicate": {"executed_lines": [], "summary": {"covered_lines": 0, "num_statements": 1, "percent_covered": 0.0, "percent_covered_display": "0", "missing_lines": 1, "excluded_lines": 0}, "missing_lines": [114], "excluded_lines": []}, "Predicate.true_relevant_observed": {"executed_lines": [], "summary": {"covered_lines": 0, "num_statements": 1, "percent_covered": 0.0, "percent_covered_display": "0", "missing_lines": 1, "excluded_lines": 0}, "missing_lines": [117], "excluded_lines": []}, "Predicate.true_irrelevant_observed": {"executed_lines": [], "summary": {"covered_lines": 0, "num_statements": 1, "percent_covered": 0.0, "percent_covered_display": "0", "missing_lines": 1, "excluded_lines": 0}, "missing_lines": [120], "excluded_lines": []}, "Predicate.false_relevant_observed": {"executed_lines": [], "summary": {"covered_lines": 0, "num_statements": 1, "percent_covered": 0.0, "percent_covered_display": "0", "missing_lines": 1, "excluded_lines": 0}, "missing_lines": [123], "excluded_lines": []}, "Predicate.false_irrelevant_observed": {"executed_lines": [], "summary": {"covered_lines": 0, "num_statements": 1, "percent_covered": 0.0, "percent_covered_display": "0", "missing_lines": 1, "excluded_lines": 0}, "missing_lines": [126], "excluded_lines": []}, "Predicate.Fail": {"executed_lines": [], "summary": {"covered_lines": 0, "num_statements": 9, "percent_covered": 0.0, "percent_covered_display": "0", "missing_lines": 9, "excluded_lines": 0}, "missing_lines": [129, 130, 133, 134, 135, 136, 139, 140, 141], "excluded_lines": []}, "Predicate.Contex": {"executed_lines": [], "summary": {"covered_lines": 0, "num_statements": 5, "percent_covered": 0.0, "percent_covered_display": "0", "missing_lines": 5, "excluded_lines": 0}, "missing_lines": [144, 145, 151, 152, 153], "excluded_lines": []}, "Predicate.IncreaseTrue": {"executed_lines": [], "summary": {"covered_lines": 0, "num_statements": 1, "percent_covered": 0.0, "percent_covered_display": "0", "missing_lines": 1, "excluded_lines": 0}, "missing_lines": [156], "excluded_lines": []}, "Predicate.IncreaseFalse": {"executed_lines": [], "summary": {"covered_lines": 0, "num_statements": 1, "percent_covered": 0.0, "percent_covered_display": "0", "missing_lines": 1, "excluded_lines": 0}, "missing_lines": [159], "excluded_lines": []}, "Predicate.Increase": {"executed_lines": [], "summary": {"covered_lines": 0, "num_statements": 3, "percent_covered": 0.0, "percent_covered_display": "0", "missing_lines": 3, "excluded_lines": 0}, "missing_lines": [162, 163, 164], "excluded_lines": []}, "Predicate.calculate": {"executed_lines": [], "summary": {"covered_lines": 0, "num_statements": 3, "percent_covered": 0.0, "percent_covered_display": "0", "missing_lines": 3, "excluded_lines": 0}, "missing_lines": [167, 168, 169], "excluded_lines": []}, "Branch.__init__": {"executed_lines": [174, 175, 178, 179], "summary": {"covered_lines": 4, "num_statements": 5, "percent_covered": 80.0, "percent_covered_display": "80", "missing_lines": 1, "excluded_lines": 0}, "missing_lines": [176], "excluded_lines": []}, "Branch.__hash__": {"executed_lines": [], "summary": {"covered_lines": 0, "num_statements": 1, "percent_covered": 0.0, "percent_covered_display": "0", "missing_lines": 1, "excluded_lines": 0}, "missing_lines": [182], "excluded_lines": []}, "Branch.__eq__": {"executed_lines": [], "summary": {"covered_lines": 0, "num_statements": 1, "percent_covered": 0.0, "percent_covered_display": "0", "missing_lines": 1, "excluded_lines": 0}, "missing_lines": [187], "excluded_lines": []}, "Branch.serialize": {"executed_lines": [], "summary": {"covered_lines": 0, "num_statements": 4, "percent_covered": 0.0, "percent_covered_display": "0", "missing_lines": 4, "excluded_lines": 0}, "missing_lines": [197, 198, 199, 200], "excluded_lines": []}, "Branch.deserialize": {"executed_lines": [], "summary": {"covered_lines": 0, "num_statements": 5, "percent_covered": 0.0, "percent_covered_display": "0", "missing_lines": 5, "excluded_lines": 0}, "missing_lines": [204, 229, 230, 240, 241], "excluded_lines": []}, "Branch.analysis_type": {"executed_lines": [245], "summary": {"covered_lines": 1, "num_statements": 1, "percent_covered": 100.0, "percent_covered_display": "100", "missing_lines": 0, "excluded_lines": 0}, "missing_lines": [], "excluded_lines": []}, "Branch.events": {"executed_lines": [249], "summary": {"covered_lines": 1, "num_statements": 1, "percent_covered": 100.0, "percent_covered_display": "100", "missing_lines": 0, "excluded_lines": 0}, "missing_lines": [], "excluded_lines": []}, "Branch.hit": {"executed_lines": [], "summary": {"covered_lines": 0, "num_statements": 14, "percent_covered": 0.0, "percent_covered_display": "0", "missing_lines": 14, "excluded_lines": 0}, "missing_lines": [252, 253, 254, 255, 256, 257, 258, 259, 260, 261, 262, 263, 264, 266], "excluded_lines": []}, "Branch.get_suggestion": {"executed_lines": [], "summary": {"covered_lines": 0, "num_statements": 4, "percent_covered": 0.0, "percent_covered_display": "0", "missing_lines": 4, "excluded_lines": 0}, "missing_lines": [271, 272, 274, 275], "excluded_lines": []}, "Branch.__str__": {"executed_lines": [], "summary": {"covered_lines": 0, "num_statements": 1, "percent_covered": 0.0, "percent_covered_display": "0", "missing_lines": 1, "excluded_lines": 0}, "missing_lines": [281], "excluded_lines": []}, "Comp.evaluate": {"executed_lines": [], "summary": {"covered_lines": 0, "num_statements": 13, "percent_covered": 0.0, "percent_covered_display": "0", "missing_lines": 13, "excluded_lines": 0}, "missing_lines": [293, 294, 295, 296, 297, 298, 299, 300, 301, 302, 303, 304, 306], "excluded_lines": []}, "Comp.__repr__": {"executed_lines": [], "summary": {"covered_lines": 0, "num_statements": 1, "percent_covered": 0.0, "percent_covered_display": "0", "missing_lines": 1, "excluded_lines": 0}, "missing_lines": [309], "excluded_lines": []}, "Comp.__str__": {"executed_lines": [], "summary": {"covered_lines": 0, "num_statements": 1, "percent_covered": 0.0, "percent_covered_display": "0", "missing_lines": 1, "excluded_lines": 0}, "missing_lines": [312], "excluded_lines": []}, "Comparison.__init__": {"executed_lines": [317, 318], "summary": {"covered_lines": 2, "num_statements": 2, "percent_covered": 100.0, "percent_covered_display": "100", "missing_lines": 0, "excluded_lines": 0}, "missing_lines": [], "excluded_lines": []}, "Comparison.serialize": {"executed_lines": [], "summary": {"covered_lines": 0, "num_statements": 3, "percent_covered": 0.0, "percent_covered_display": "0", "missing_lines": 3, "excluded_lines": 0}, "missing_lines": [321, 322, 323], "excluded_lines": []}, "Comparison.events": {"executed_lines": [327], "summary": {"covered_lines": 1, "num_statements": 1, "percent_covered": 100.0, "percent_covered_display": "100", "missing_lines": 0, "excluded_lines": 0}, "missing_lines": [], "excluded_lines": []}, "Comparison._evaluate_predicate": {"executed_lines": [], "summary": {"covered_lines": 0, "num_statements": 1, "percent_covered": 0.0, "percent_covered_display": "0", "missing_lines": 1, "excluded_lines": 0}, "missing_lines": [335], "excluded_lines": []}, "Comparison._compare": {"executed_lines": [], "summary": {"covered_lines": 0, "num_statements": 1, "percent_covered": 0.0, "percent_covered_display": "0", "missing_lines": 1, "excluded_lines": 0}, "missing_lines": [338], "excluded_lines": []}, "Comparison._get_first": {"executed_lines": [], "summary": {"covered_lines": 0, "num_statements": 1, "percent_covered": 0.0, "percent_covered_display": "0", "missing_lines": 1, "excluded_lines": 0}, "missing_lines": [341], "excluded_lines": []}, "Comparison._get_second": {"executed_lines": [], "summary": {"covered_lines": 0, "num_statements": 1, "percent_covered": 0.0, "percent_covered_display": "0", "missing_lines": 1, "excluded_lines": 0}, "missing_lines": [344], "excluded_lines": []}, "ScalarPair.__init__": {"executed_lines": [349, 350, 351], "summary": {"covered_lines": 3, "num_statements": 3, "percent_covered": 100.0, "percent_covered_display": "100", "missing_lines": 0, "excluded_lines": 0}, "missing_lines": [], "excluded_lines": []}, "ScalarPair.__hash__": {"executed_lines": [], "summary": {"covered_lines": 0, "num_statements": 1, "percent_covered": 0.0, "percent_covered_display": "0", "missing_lines": 1, "excluded_lines": 0}, "missing_lines": [354], "excluded_lines": []}, "ScalarPair.__eq__": {"executed_lines": [], "summary": {"covered_lines": 0, "num_statements": 1, "percent_covered": 0.0, "percent_covered_display": "0", "missing_lines": 1, "excluded_lines": 0}, "missing_lines": [359], "excluded_lines": []}, "ScalarPair.serialize": {"executed_lines": [], "summary": {"covered_lines": 0, "num_statements": 4, "percent_covered": 0.0, "percent_covered_display": "0", "missing_lines": 4, "excluded_lines": 0}, "missing_lines": [370, 371, 372, 373], "excluded_lines": []}, "ScalarPair.deserialize": {"executed_lines": [], "summary": {"covered_lines": 0, "num_statements": 5, "percent_covered": 0.0, "percent_covered_display": "0", "missing_lines": 5, "excluded_lines": 0}, "missing_lines": [377, 403, 404, 409, 410], "excluded_lines": []}, "ScalarPair.analysis_type": {"executed_lines": [414], "summary": {"covered_lines": 1, "num_statements": 1, "percent_covered": 100.0, "percent_covered_display": "100", "missing_lines": 0, "excluded_lines": 0}, "missing_lines": [], "excluded_lines": []}, "ScalarPair._get_first": {"executed_lines": [], "summary": {"covered_lines": 0, "num_statements": 1, "percent_covered": 0.0, "percent_covered_display": "0", "missing_lines": 1, "excluded_lines": 0}, "missing_lines": [417], "excluded_lines": []}, "ScalarPair._get_second": {"executed_lines": [], "summary": {"covered_lines": 0, "num_statements": 1, "percent_covered": 0.0, "percent_covered_display": "0", "missing_lines": 1, "excluded_lines": 0}, "missing_lines": [420], "excluded_lines": []}, "ScalarPair.__str__": {"executed_lines": [], "summary": {"covered_lines": 0, "num_statements": 1, "percent_covered": 0.0, "percent_covered_display": "0", "missing_lines": 1, "excluded_lines": 0}, "missing_lines": [423], "excluded_lines": []}, "VariablePredicate.__init__": {"executed_lines": [428, 429], "summary": {"covered_lines": 2, "num_statements": 2, "percent_covered": 100.0, "percent_covered_display": "100", "missing_lines": 0, "excluded_lines": 0}, "missing_lines": [], "excluded_lines": []}, "VariablePredicate.__hash__": {"executed_lines": [], "summary": {"covered_lines": 0, "num_statements": 1, "percent_covered": 0.0, "percent_covered_display": "0", "missing_lines": 1, "excluded_lines": 0}, "missing_lines": [432], "excluded_lines": []}, "VariablePredicate.__eq__": {"executed_lines": [], "summary": {"covered_lines": 0, "num_statements": 1, "percent_covered": 0.0, "percent_covered_display": "0", "missing_lines": 1, "excluded_lines": 0}, "missing_lines": [435], "excluded_lines": []}, "VariablePredicate.serialize": {"executed_lines": [], "summary": {"covered_lines": 0, "num_statements": 3, "percent_covered": 0.0, "percent_covered_display": "0", "missing_lines": 3, "excluded_lines": 0}, "missing_lines": [445, 446, 447], "excluded_lines": []}, "VariablePredicate.deserialize": {"executed_lines": [], "summary": {"covered_lines": 0, "num_statements": 5, "percent_covered": 0.0, "percent_covered_display": "0", "missing_lines": 5, "excluded_lines": 0}, "missing_lines": [451, 476, 477, 481, 482], "excluded_lines": []}, "VariablePredicate.analysis_type": {"executed_lines": [486], "summary": {"covered_lines": 1, "num_statements": 1, "percent_covered": 100.0, "percent_covered_display": "100", "missing_lines": 0, "excluded_lines": 0}, "missing_lines": [], "excluded_lines": []}, "VariablePredicate.events": {"executed_lines": [490], "summary": {"covered_lines": 1, "num_statements": 1, "percent_covered": 100.0, "percent_covered_display": "100", "missing_lines": 0, "excluded_lines": 0}, "missing_lines": [], "excluded_lines": []}, "VariablePredicate._get_first": {"executed_lines": [], "summary": {"covered_lines": 0, "num_statements": 1, "percent_covered": 0.0, "percent_covered_display": "0", "missing_lines": 1, "excluded_lines": 0}, "missing_lines": [495], "excluded_lines": []}, "VariablePredicate.__str__": {"executed_lines": [], "summary": {"covered_lines": 0, "num_statements": 1, "percent_covered": 0.0, "percent_covered_display": "0", "missing_lines": 1, "excluded_lines": 0}, "missing_lines": [498], "excluded_lines": []}, "NonePredicate.__init__": {"executed_lines": [503, 504], "summary": {"covered_lines": 2, "num_statements": 2, "percent_covered": 100.0, "percent_covered_display": "100", "missing_lines": 0, "excluded_lines": 0}, "missing_lines": [], "excluded_lines": []}, "NonePredicate.__hash__": {"executed_lines": [], "summary": {"covered_lines": 0, "num_statements": 1, "percent_covered": 0.0, "percent_covered_display": "0", "missing_lines": 1, "excluded_lines": 0}, "missing_lines": [507], "excluded_lines": []}, "NonePredicate.__eq__": {"executed_lines": [], "summary": {"covered_lines": 0, "num_statements": 1, "percent_covered": 0.0, "percent_covered_display": "0", "missing_lines": 1, "excluded_lines": 0}, "missing_lines": [510], "excluded_lines": []}, "NonePredicate.serialize": {"executed_lines": [], "summary": {"covered_lines": 0, "num_statements": 3, "percent_covered": 0.0, "percent_covered_display": "0", "missing_lines": 3, "excluded_lines": 0}, "missing_lines": [519, 520, 521], "excluded_lines": []}, "NonePredicate.deserialize": {"executed_lines": [], "summary": {"covered_lines": 0, "num_statements": 5, "percent_covered": 0.0, "percent_covered_display": "0", "missing_lines": 5, "excluded_lines": 0}, "missing_lines": [525, 550, 551, 552, 553], "excluded_lines": []}, "NonePredicate.analysis_type": {"executed_lines": [557], "summary": {"covered_lines": 1, "num_statements": 1, "percent_covered": 100.0, "percent_covered_display": "100", "missing_lines": 0, "excluded_lines": 0}, "missing_lines": [], "excluded_lines": []}, "NonePredicate.events": {"executed_lines": [561], "summary": {"covered_lines": 1, "num_statements": 1, "percent_covered": 100.0, "percent_covered_display": "100", "missing_lines": 0, "excluded_lines": 0}, "missing_lines": [], "excluded_lines": []}, "NonePredicate._get_first": {"executed_lines": [], "summary": {"covered_lines": 0, "num_statements": 1, "percent_covered": 0.0, "percent_covered_display": "0", "missing_lines": 1, "excluded_lines": 0}, "missing_lines": [566], "excluded_lines": []}, "NonePredicate._get_second": {"executed_lines": [569], "summary": {"covered_lines": 1, "num_statements": 1, "percent_covered": 100.0, "percent_covered_display": "100", "missing_lines": 0, "excluded_lines": 0}, "missing_lines": [], "excluded_lines": []}, "NonePredicate.__str__": {"executed_lines": [], "summary": {"covered_lines": 0, "num_statements": 1, "percent_covered": 0.0, "percent_covered_display": "0", "missing_lines": 1, "excluded_lines": 0}, "missing_lines": [572], "excluded_lines": []}, "ReturnPredicate.__init__": {"executed_lines": [577, 578, 579], "summary": {"covered_lines": 3, "num_statements": 3, "percent_covered": 100.0, "percent_covered_display": "100", "missing_lines": 0, "excluded_lines": 0}, "missing_lines": [], "excluded_lines": []}, "ReturnPredicate.__hash__": {"executed_lines": [], "summary": {"covered_lines": 0, "num_statements": 1, "percent_covered": 0.0, "percent_covered_display": "0", "missing_lines": 1, "excluded_lines": 0}, "missing_lines": [582], "excluded_lines": []}, "ReturnPredicate.__eq__": {"executed_lines": [], "summary": {"covered_lines": 0, "num_statements": 1, "percent_covered": 0.0, "percent_covered_display": "0", "missing_lines": 1, "excluded_lines": 0}, "missing_lines": [594], "excluded_lines": []}, "ReturnPredicate.serialize": {"executed_lines": [], "summary": {"covered_lines": 0, "num_statements": 8, "percent_covered": 0.0, "percent_covered_display": "0", "missing_lines": 8, "excluded_lines": 0}, "missing_lines": [605, 606, 607, 608, 609, 611, 612, 613], "excluded_lines": []}, "ReturnPredicate.deserialize": {"executed_lines": [], "summary": {"covered_lines": 0, "num_statements": 5, "percent_covered": 0.0, "percent_covered_display": "0", "missing_lines": 5, "excluded_lines": 0}, "missing_lines": [617, 644, 645, 650, 651], "excluded_lines": []}, "ReturnPredicate.analysis_type": {"executed_lines": [655], "summary": {"covered_lines": 1, "num_statements": 1, "percent_covered": 100.0, "percent_covered_display": "100", "missing_lines": 0, "excluded_lines": 0}, "missing_lines": [], "excluded_lines": []}, "ReturnPredicate.events": {"executed_lines": [659], "summary": {"covered_lines": 1, "num_statements": 1, "percent_covered": 100.0, "percent_covered_display": "100", "missing_lines": 0, "excluded_lines": 0}, "missing_lines": [], "excluded_lines": []}, "ReturnPredicate._get_first": {"executed_lines": [], "summary": {"covered_lines": 0, "num_statements": 1, "percent_covered": 0.0, "percent_covered_display": "0", "missing_lines": 1, "excluded_lines": 0}, "missing_lines": [666], "excluded_lines": []}, "ReturnPredicate._get_second": {"executed_lines": [], "summary": {"covered_lines": 0, "num_statements": 1, "percent_covered": 0.0, "percent_covered_display": "0", "missing_lines": 1, "excluded_lines": 0}, "missing_lines": [669], "excluded_lines": []}, "ReturnPredicate.__str__": {"executed_lines": [], "summary": {"covered_lines": 0, "num_statements": 1, "percent_covered": 0.0, "percent_covered_display": "0", "missing_lines": 1, "excluded_lines": 0}, "missing_lines": [672], "excluded_lines": []}, "EmptyStringPredicate.__init__": {"executed_lines": [677, 678], "summary": {"covered_lines": 2, "num_statements": 2, "percent_covered": 100.0, "percent_covered_display": "100", "missing_lines": 0, "excluded_lines": 0}, "missing_lines": [], "excluded_lines": []}, "EmptyStringPredicate.__hash__": {"executed_lines": [], "summary": {"covered_lines": 0, "num_statements": 1, "percent_covered": 0.0, "percent_covered_display": "0", "missing_lines": 1, "excluded_lines": 0}, "missing_lines": [681], "excluded_lines": []}, "EmptyStringPredicate.__eq__": {"executed_lines": [], "summary": {"covered_lines": 0, "num_statements": 1, "percent_covered": 0.0, "percent_covered_display": "0", "missing_lines": 1, "excluded_lines": 0}, "missing_lines": [684], "excluded_lines": []}, "EmptyStringPredicate.serialize": {"executed_lines": [], "summary": {"covered_lines": 0, "num_statements": 3, "percent_covered": 0.0, "percent_covered_display": "0", "missing_lines": 3, "excluded_lines": 0}, "missing_lines": [693, 694, 695], "excluded_lines": []}, "EmptyStringPredicate.deserialize": {"executed_lines": [], "summary": {"covered_lines": 0, "num_statements": 5, "percent_covered": 0.0, "percent_covered_display": "0", "missing_lines": 5, "excluded_lines": 0}, "missing_lines": [699, 724, 725, 728, 729], "excluded_lines": []}, "EmptyStringPredicate.analysis_type": {"executed_lines": [733], "summary": {"covered_lines": 1, "num_statements": 1, "percent_covered": 100.0, "percent_covered_display": "100", "missing_lines": 0, "excluded_lines": 0}, "missing_lines": [], "excluded_lines": []}, "EmptyStringPredicate.events": {"executed_lines": [737], "summary": {"covered_lines": 1, "num_statements": 1, "percent_covered": 100.0, "percent_covered_display": "100", "missing_lines": 0, "excluded_lines": 0}, "missing_lines": [], "excluded_lines": []}, "EmptyStringPredicate._get_first": {"executed_lines": [], "summary": {"covered_lines": 0, "num_statements": 1, "percent_covered": 0.0, "percent_covered_display": "0", "missing_lines": 1, "excluded_lines": 0}, "missing_lines": [742], "excluded_lines": []}, "EmptyStringPredicate._get_second": {"executed_lines": [745], "summary": {"covered_lines": 1, "num_statements": 1, "percent_covered": 100.0, "percent_covered_display": "100", "missing_lines": 0, "excluded_lines": 0}, "missing_lines": [], "excluded_lines": []}, "EmptyStringPredicate.__str__": {"executed_lines": [], "summary": {"covered_lines": 0, "num_statements": 1, "percent_covered": 0.0, "percent_covered_display": "0", "missing_lines": 1, "excluded_lines": 0}, "missing_lines": [748], "excluded_lines": []}, "EmptyBytesPredicate.__init__": {"executed_lines": [753, 754], "summary": {"covered_lines": 2, "num_statements": 2, "percent_covered": 100.0, "percent_covered_display": "100", "missing_lines": 0, "excluded_lines": 0}, "missing_lines": [], "excluded_lines": []}, "EmptyBytesPredicate.__hash__": {"executed_lines": [], "summary": {"covered_lines": 0, "num_statements": 1, "percent_covered": 0.0, "percent_covered_display": "0", "missing_lines": 1, "excluded_lines": 0}, "missing_lines": [757], "excluded_lines": []}, "EmptyBytesPredicate.__eq__": {"executed_lines": [], "summary": {"covered_lines": 0, "num_statements": 1, "percent_covered": 0.0, "percent_covered_display": "0", "missing_lines": 1, "excluded_lines": 0}, "missing_lines": [760], "excluded_lines": []}, "EmptyBytesPredicate.serialize": {"executed_lines": [], "summary": {"covered_lines": 0, "num_statements": 3, "percent_covered": 0.0, "percent_covered_display": "0", "missing_lines": 3, "excluded_lines": 0}, "missing_lines": [769, 770, 771], "excluded_lines": []}, "EmptyBytesPredicate.deserialize": {"executed_lines": [], "summary": {"covered_lines": 0, "num_statements": 5, "percent_covered": 0.0, "percent_covered_display": "0", "missing_lines": 5, "excluded_lines": 0}, "missing_lines": [775, 800, 801, 804, 805], "excluded_lines": []}, "EmptyBytesPredicate.analysis_type": {"executed_lines": [809], "summary": {"covered_lines": 1, "num_statements": 1, "percent_covered": 100.0, "percent_covered_display": "100", "missing_lines": 0, "excluded_lines": 0}, "missing_lines": [], "excluded_lines": []}, "EmptyBytesPredicate.events": {"executed_lines": [813], "summary": {"covered_lines": 1, "num_statements": 1, "percent_covered": 100.0, "percent_covered_display": "100", "missing_lines": 0, "excluded_lines": 0}, "missing_lines": [], "excluded_lines": []}, "EmptyBytesPredicate._get_first": {"executed_lines": [], "summary": {"covered_lines": 0, "num_statements": 1, "percent_covered": 0.0, "percent_covered_display": "0", "missing_lines": 1, "excluded_lines": 0}, "missing_lines": [818], "excluded_lines": []}, "EmptyBytesPredicate._get_second": {"executed_lines": [821], "summary": {"covered_lines": 1, "num_statements": 1, "percent_covered": 100.0, "percent_covered_display": "100", "missing_lines": 0, "excluded_lines": 0}, "missing_lines": [], "excluded_lines": []}, "EmptyBytesPredicate.__str__": {"executed_lines": [], "summary": {"covered_lines": 0, "num_statements": 1, "percent_covered": 0.0, "percent_covered_display": "0", "missing_lines": 1, "excluded_lines": 0}, "missing_lines": [824], "excluded_lines": []}, "FunctionPredicate.__init__": {"executed_lines": [829, 830, 831], "summary": {"covered_lines": 3, "num_statements": 3, "percent_covered": 100.0, "percent_covered_display": "100", "missing_lines": 0, "excluded_lines": 0}, "missing_lines": [], "excluded_lines": []}, "FunctionPredicate.serialize": {"executed_lines": [], "summary": {"covered_lines": 0, "num_statements": 3, "percent_covered": 0.0, "percent_covered_display": "0", "missing_lines": 3, "excluded_lines": 0}, "missing_lines": [834, 835, 836], "excluded_lines": []}, "FunctionPredicate.events": {"executed_lines": [840], "summary": {"covered_lines": 1, "num_statements": 1, "percent_covered": 100.0, "percent_covered_display": "100", "missing_lines": 0, "excluded_lines": 0}, "missing_lines": [], "excluded_lines": []}, "FunctionPredicate._evaluate_predicate": {"executed_lines": [], "summary": {"covered_lines": 0, "num_statements": 2, "percent_covered": 0.0, "percent_covered_display": "0", "missing_lines": 2, "excluded_lines": 0}, "missing_lines": [845, 846], "excluded_lines": []}, "IsAsciiPredicate.__init__": {"executed_lines": [851], "summary": {"covered_lines": 1, "num_statements": 1, "percent_covered": 100.0, "percent_covered_display": "100", "missing_lines": 0, "excluded_lines": 0}, "missing_lines": [], "excluded_lines": []}, "IsAsciiPredicate.__hash__": {"executed_lines": [], "summary": {"covered_lines": 0, "num_statements": 1, "percent_covered": 0.0, "percent_covered_display": "0", "missing_lines": 1, "excluded_lines": 0}, "missing_lines": [854], "excluded_lines": []}, "IsAsciiPredicate.__eq__": {"executed_lines": [], "summary": {"covered_lines": 0, "num_statements": 1, "percent_covered": 0.0, "percent_covered_display": "0", "missing_lines": 1, "excluded_lines": 0}, "missing_lines": [857], "excluded_lines": []}, "IsAsciiPredicate.deserialize": {"executed_lines": [], "summary": {"covered_lines": 0, "num_statements": 5, "percent_covered": 0.0, "percent_covered_display": "0", "missing_lines": 5, "excluded_lines": 0}, "missing_lines": [867, 891, 892, 895, 896], "excluded_lines": []}, "IsAsciiPredicate.analysis_type": {"executed_lines": [900], "summary": {"covered_lines": 1, "num_statements": 1, "percent_covered": 100.0, "percent_covered_display": "100", "missing_lines": 0, "excluded_lines": 0}, "missing_lines": [], "excluded_lines": []}, "IsAsciiPredicate.__str__": {"executed_lines": [], "summary": {"covered_lines": 0, "num_statements": 1, "percent_covered": 0.0, "percent_covered_display": "0", "missing_lines": 1, "excluded_lines": 0}, "missing_lines": [903], "excluded_lines": []}, "ContainsDigitPredicate.__init__": {"executed_lines": [908], "summary": {"covered_lines": 1, "num_statements": 1, "percent_covered": 100.0, "percent_covered_display": "100", "missing_lines": 0, "excluded_lines": 0}, "missing_lines": [], "excluded_lines": []}, "ContainsDigitPredicate.__hash__": {"executed_lines": [], "summary": {"covered_lines": 0, "num_statements": 1, "percent_covered": 0.0, "percent_covered_display": "0", "missing_lines": 1, "excluded_lines": 0}, "missing_lines": [911], "excluded_lines": []}, "ContainsDigitPredicate.__eq__": {"executed_lines": [], "summary": {"covered_lines": 0, "num_statements": 1, "percent_covered": 0.0, "percent_covered_display": "0", "missing_lines": 1, "excluded_lines": 0}, "missing_lines": [914], "excluded_lines": []}, "ContainsDigitPredicate.deserialize": {"executed_lines": [], "summary": {"covered_lines": 0, "num_statements": 5, "percent_covered": 0.0, "percent_covered_display": "0", "missing_lines": 5, "excluded_lines": 0}, "missing_lines": [924, 948, 949, 952, 953], "excluded_lines": []}, "ContainsDigitPredicate._contains_digit": {"executed_lines": [957], "summary": {"covered_lines": 1, "num_statements": 1, "percent_covered": 100.0, "percent_covered_display": "100", "missing_lines": 0, "excluded_lines": 0}, "missing_lines": [], "excluded_lines": []}, "ContainsDigitPredicate.analysis_type": {"executed_lines": [961], "summary": {"covered_lines": 1, "num_statements": 1, "percent_covered": 100.0, "percent_covered_display": "100", "missing_lines": 0, "excluded_lines": 0}, "missing_lines": [], "excluded_lines": []}, "ContainsDigitPredicate.__str__": {"executed_lines": [], "summary": {"covered_lines": 0, "num_statements": 1, "percent_covered": 0.0, "percent_covered_display": "0", "missing_lines": 1, "excluded_lines": 0}, "missing_lines": [964], "excluded_lines": []}, "ContainsSpecialPredicate.__init__": {"executed_lines": [969], "summary": {"covered_lines": 1, "num_statements": 1, "percent_covered": 100.0, "percent_covered_display": "100", "missing_lines": 0, "excluded_lines": 0}, "missing_lines": [], "excluded_lines": []}, "ContainsSpecialPredicate.__hash__": {"executed_lines": [], "summary": {"covered_lines": 0, "num_statements": 1, "percent_covered": 0.0, "percent_covered_display": "0", "missing_lines": 1, "excluded_lines": 0}, "missing_lines": [972], "excluded_lines": []}, "ContainsSpecialPredicate.__eq__": {"executed_lines": [], "summary": {"covered_lines": 0, "num_statements": 1, "percent_covered": 0.0, "percent_covered_display": "0", "missing_lines": 1, "excluded_lines": 0}, "missing_lines": [975], "excluded_lines": []}, "ContainsSpecialPredicate.deserialize": {"executed_lines": [], "summary": {"covered_lines": 0, "num_statements": 5, "percent_covered": 0.0, "percent_covered_display": "0", "missing_lines": 5, "excluded_lines": 0}, "missing_lines": [985, 1009, 1010, 1013, 1014], "excluded_lines": []}, "ContainsSpecialPredicate._contain_special": {"executed_lines": [1018], "summary": {"covered_lines": 1, "num_statements": 1, "percent_covered": 100.0, "percent_covered_display": "100", "missing_lines": 0, "excluded_lines": 0}, "missing_lines": [], "excluded_lines": []}, "ContainsSpecialPredicate.analysis_type": {"executed_lines": [1022], "summary": {"covered_lines": 1, "num_statements": 1, "percent_covered": 100.0, "percent_covered_display": "100", "missing_lines": 0, "excluded_lines": 0}, "missing_lines": [], "excluded_lines": []}, "ContainsSpecialPredicate.__str__": {"executed_lines": [], "summary": {"covered_lines": 0, "num_statements": 1, "percent_covered": 0.0, "percent_covered_display": "0", "missing_lines": 1, "excluded_lines": 0}, "missing_lines": [1025], "excluded_lines": []}, "Condition.__init__": {"executed_lines": [1030, 1031, 1032], "summary": {"covered_lines": 3, "num_statements": 3, "percent_covered": 100.0, "percent_covered_display": "100", "missing_lines": 0, "excluded_lines": 0}, "missing_lines": [], "excluded_lines": []}, "Condition.__hash__": {"executed_lines": [], "summary": {"covered_lines": 0, "num_statements": 1, "percent_covered": 0.0, "percent_covered_display": "0", "missing_lines": 1, "excluded_lines": 0}, "missing_lines": [1035], "excluded_lines": []}, "Condition.__eq__": {"executed_lines": [], "summary": {"covered_lines": 0, "num_statements": 1, "percent_covered": 0.0, "percent_covered_display": "0", "missing_lines": 1, "excluded_lines": 0}, "missing_lines": [1040], "excluded_lines": []}, "Condition.serialize": {"executed_lines": [], "summary": {"covered_lines": 0, "num_statements": 4, "percent_covered": 0.0, "percent_covered_display": "0", "missing_lines": 4, "excluded_lines": 0}, "missing_lines": [1050, 1051, 1052, 1053], "excluded_lines": []}, "Condition.deserialize": {"executed_lines": [], "summary": {"covered_lines": 0, "num_statements": 5, "percent_covered": 0.0, "percent_covered_display": "0", "missing_lines": 5, "excluded_lines": 0}, "missing_lines": [1057, 1082, 1083, 1084, 1085], "excluded_lines": []}, "Condition.analysis_type": {"executed_lines": [1089], "summary": {"covered_lines": 1, "num_statements": 1, "percent_covered": 100.0, "percent_covered_display": "100", "missing_lines": 0, "excluded_lines": 0}, "missing_lines": [], "excluded_lines": []}, "Condition.events": {"executed_lines": [1093], "summary": {"covered_lines": 1, "num_statements": 1, "percent_covered": 100.0, "percent_covered_display": "100", "missing_lines": 0, "excluded_lines": 0}, "missing_lines": [], "excluded_lines": []}, "Condition.hit": {"executed_lines": [], "summary": {"covered_lines": 0, "num_statements": 15, "percent_covered": 0.0, "percent_covered_display": "0", "missing_lines": 15, "excluded_lines": 0}, "missing_lines": [1096, 1097, 1098, 1099, 1100, 1101, 1102, 1103, 1104, 1105, 1106, 1107, 1108, 1109, 1111], "excluded_lines": []}, "Condition.__str__": {"executed_lines": [], "summary": {"covered_lines": 0, "num_statements": 1, "percent_covered": 0.0, "percent_covered_display": "0", "missing_lines": 1, "excluded_lines": 0}, "missing_lines": [1114], "excluded_lines": []}, "FunctionErrorPredicate.__init__": {"executed_lines": [], "summary": {"covered_lines": 0, "num_statements": 2, "percent_covered": 0.0, "percent_covered_display": "0", "missing_lines": 2, "excluded_lines": 0}, "missing_lines": [1119, 1120], "excluded_lines": []}, "FunctionErrorPredicate.__hash__": {"executed_lines": [], "summary": {"covered_lines": 0, "num_statements": 1, "percent_covered": 0.0, "percent_covered_display": "0", "missing_lines": 1, "excluded_lines": 0}, "missing_lines": [1123], "excluded_lines": []}, "FunctionErrorPredicate.__eq__": {"executed_lines": [], "summary": {"covered_lines": 0, "num_statements": 1, "percent_covered": 0.0, "percent_covered_display": "0", "missing_lines": 1, "excluded_lines": 0}, "missing_lines": [1126], "excluded_lines": []}, "FunctionErrorPredicate.serialize": {"executed_lines": [], "summary": {"covered_lines": 0, "num_statements": 3, "percent_covered": 0.0, "percent_covered_display": "0", "missing_lines": 3, "excluded_lines": 0}, "missing_lines": [1135, 1136, 1137], "exclude
[...]
sing_lines": [493, 494, 495, 496], "excluded_lines": []}, "InputRunner.use_parallel": {"executed_lines": [], "summary": {"covered_lines": 0, "num_statements": 1, "percent_covered": 0.0, "percent_covered_display": "0", "missing_lines": 1, "excluded_lines": 0}, "missing_lines": [500], "excluded_lines": []}, "InputRunner.split": {"executed_lines": [], "summary": {"covered_lines": 0, "num_statements": 15, "percent_covered": 0.0, "percent_covered_display": "0", "missing_lines": 15, "excluded_lines": 0}, "missing_lines": [504, 505, 506, 507, 508, 509, 510, 511, 512, 513, 514, 515, 516, 517, 518], "excluded_lines": []}, "InputRunner._prepare_tests": {"executed_lines": [], "summary": {"covered_lines": 0, "num_statements": 1, "percent_covered": 0.0, "percent_covered_display": "0", "missing_lines": 1, "excluded_lines": 0}, "missing_lines": [521], "excluded_lines": []}, "InputRunner.get_tests": {"executed_lines": [], "summary": {"covered_lines": 0, "num_statements": 1, "percent_covered": 0.0, "percent_covered_display": "0", "missing_lines": 1, "excluded_lines": 0}, "missing_lines": [534], "excluded_lines": []}, "InputRunner.run_test": {"executed_lines": [], "summary": {"covered_lines": 0, "num_statements": 10, "percent_covered": 0.0, "percent_covered_display": "0", "missing_lines": 10, "excluded_lines": 0}, "missing_lines": [539, 540, 541, 543, 544, 545, 546, 554, 555, 556], "excluded_lines": []}, "ParallelPytestRunner.__init__": {"executed_lines": [], "summary": {"covered_lines": 0, "num_statements": 6, "percent_covered": 0.0, "percent_covered_display": "0", "missing_lines": 6, "excluded_lines": 0}, "missing_lines": [568, 571, 572, 573, 574, 575], "excluded_lines": []}, "ParallelPytestRunner.use_parallel": {"executed_lines": [], "summary": {"covered_lines": 0, "num_statements": 1, "percent_covered": 0.0, "percent_covered_display": "0", "missing_lines": 1, "excluded_lines": 0}, "missing_lines": [579], "excluded_lines": []}, "ParallelPytestRunner.process_test": {"executed_lines": [], "summary": {"covered_lines": 0, "num_statements": 8, "percent_covered": 0.0, "percent_covered_display": "0", "missing_lines": 8, "excluded_lines": 0}, "missing_lines": [582, 583, 584, 585, 586, 587, 588, 593], "excluded_lines": []}, "ParallelPytestRunner.run_tests": {"executed_lines": [], "summary": {"covered_lines": 0, "num_statements": 9, "percent_covered": 0.0, "percent_covered_display": "0", "missing_lines": 9, "excluded_lines": 0}, "missing_lines": [602, 603, 604, 606, 607, 608, 610, 612, 615], "excluded_lines": []}, "ParallelInputRunner.__init__": {"executed_lines": [], "summary": {"covered_lines": 0, "num_statements": 6, "percent_covered": 0.0, "percent_covered_display": "0", "missing_lines": 6, "excluded_lines": 0}, "missing_lines": [627, 628, 629, 630, 631, 632], "excluded_lines": []}, "ParallelInputRunner.use_parallel": {"executed_lines": [], "summary": {"covered_lines": 0, "num_statements": 1, "percent_covered": 0.0, "percent_covered_display": "0", "missing_lines": 1, "excluded_lines": 0}, "missing_lines": [636], "excluded_lines": []}, "ParallelInputRunner.process_test": {"executed_lines": [], "summary": {"covered_lines": 0, "num_statements": 8, "percent_covered": 0.0, "percent_covered_display": "0", "missing_lines": 8, "excluded_lines": 0}, "missing_lines": [639, 640, 641, 642, 643, 644, 645, 650], "excluded_lines": []}, "ParallelInputRunner.run_tests": {"executed_lines": [], "summary": {"covered_lines": 0, "num_statements": 9, "percent_covered": 0.0, "percent_covered_display": "0", "missing_lines": 9, "excluded_lines": 0}, "missing_lines": [659, 660, 661, 663, 664, 665, 667, 669, 672], "excluded_lines": []}, "": {"executed_lines": [1, 2, 3, 4, 5, 6, 7, 8, 9, 10, 11, 13, 15, 17, 26, 29, 30, 31, 32, 34, 38, 39, 59, 60, 63, 73, 78, 81, 82, 92, 115, 140, 141, 142, 146, 147, 153, 156, 159, 162, 172, 173, 174, 175, 176, 177, 178, 180, 181, 190, 191, 194, 195, 257, 261, 262, 266, 267, 271, 272, 276, 277, 281, 282, 292, 293, 296, 297, 312, 313, 325, 326, 336, 337, 349, 350, 390, 436, 437, 453, 481, 482, 485, 486, 498, 499, 502, 503, 520, 526, 536, 559, 560, 577, 578, 581, 595, 618, 619, 634, 635, 638, 652], "summary": {"covered_lines": 103, "num_statements": 103, "percent_covered": 100.0, "percent_covered_display": "100", "missing_lines": 0, "excluded_lines": 0}, "missing_lines": [], "excluded_lines": []}}, "classes": {"TestResult": {"executed_lines": [], "summary": {"covered_lines": 0, "num_statements": 1, "percent_covered": 0.0, "percent_covered_display": "0", "missing_lines": 1, "excluded_lines": 0}, "missing_lines": [35], "excluded_lines": []}, "Runner": {"executed_lines": [], "summary": {"covered_lines": 0, "num_statements": 36, "percent_covered": 0.0, "percent_covered_display": "0", "missing_lines": 36, "excluded_lines": 1}, "missing_lines": [46, 47, 48, 49, 50, 51, 56, 57, 71, 76, 79, 83, 84, 85, 86, 87, 88, 89, 90, 99, 100, 101, 102, 103, 104, 105, 106, 111, 113, 124, 125, 126, 127, 128, 129, 130], "excluded_lines": [61]}, "VoidRunner": {"executed_lines": [], "summary": {"covered_lines": 0, "num_statements": 1, "percent_covered": 0.0, "percent_covered_display": "0", "missing_lines": 1, "excluded_lines": 0}, "missing_lines": [143], "excluded_lines": []}, "PytestStructure": {"executed_lines": [], "summary": {"covered_lines": 0, "num_statements": 65, "percent_covered": 0.0, "percent_covered_display": "0", "missing_lines": 65, "excluded_lines": 0}, "missing_lines": [148, 149, 150, 151, 154, 157, 160, 163, 164, 170, 182, 192, 196, 197, 198, 199, 200, 201, 202, 203, 204, 205, 206, 207, 208, 209, 210, 211, 212, 213, 214, 215, 216, 217, 218, 219, 220, 221, 225, 226, 227, 228, 233, 234, 235, 236, 237, 238, 239, 240, 241, 242, 243, 244, 245, 246, 247, 248, 249, 250, 252, 253, 254, 255, 258], "excluded_lines": []}, "Directory": {"executed_lines": [], "summary": {"covered_lines": 0, "num_statements": 1, "percent_covered": 0.0, "percent_covered_display": "0", "missing_lines": 1, "excluded_lines": 0}, "missing_lines": [263], "excluded_lines": []}, "Module": {"executed_lines": [], "summary": {"covered_lines": 0, "num_statements": 1, "percent_covered": 0.0, "percent_covered_display": "0", "missing_lines": 1, "excluded_lines": 0}, "missing_lines": [268], "excluded_lines": []}, "Class": {"executed_lines": [], "summary": {"covered_lines": 0, "num_statements": 1, "percent_covered": 0.0, "percent_covered_display": "0", "missing_lines": 1, "excluded_lines": 0}, "missing_lines": [273], "excluded_lines": []}, "Function": {"executed_lines": [], "summary": {"covered_lines": 0, "num_statements": 1, "percent_covered": 0.0, "percent_covered_display": "0", "missing_lines": 1, "excluded_lines": 0}, "missing_lines": [278], "excluded_lines": []}, "PytestRunner": {"executed_lines": [], "summary": {"covered_lines": 0, "num_statements": 106, "percent_covered": 0.0, "percent_covered_display": "0", "missing_lines": 106, "excluded_lines": 0}, "missing_lines": [289, 290, 294, 298, 299, 300, 301, 307, 308, 310, 314, 315, 316, 317, 319, 320, 321, 322, 323, 327, 328, 329, 330, 331, 333, 334, 340, 341, 342, 343, 344, 346, 347, 356, 358, 359, 360, 361, 362, 363, 364, 365, 366, 369, 371, 372, 373, 374, 375, 376, 377, 378, 381, 382, 383, 384, 385, 388, 398, 399, 400, 401, 402, 403, 404, 405, 406, 408, 409, 410, 411, 412, 414, 415, 416, 417, 430, 431, 432, 433, 434, 440, 441, 442, 443, 445, 446, 447, 449, 450, 451, 456, 457, 464, 465, 466, 467, 468, 469, 470, 471, 472, 474, 475, 477, 478], "excluded_lines": []}, "UnittestRunner": {"executed_lines": [], "summary": {"covered_lines": 0, "num_statements": 0, "percent_covered": 100.0, "percent_covered_display": "100", "missing_lines": 0, "excluded_lines": 0}, "missing_lines": [], "excluded_lines": []}, "InputRunner": {"executed_lines": [], "summary": {"covered_lines": 0, "num_statements": 32, "percent_covered": 0.0, "percent_covered_display": "0", "missing_lines": 32, "excluded_lines": 0}, "missing_lines": [493, 494, 495, 496, 500, 504, 505, 506, 507, 508, 509, 510, 511, 512, 513, 514, 515, 516, 517, 518, 521, 534, 539, 540, 541, 543, 544, 545, 546, 554, 555, 556], "excluded_lines": []}, "ParallelPytestRunner": {"executed_lines": [], "summary": {"covered_lines": 0, "num_statements": 24, "percent_covered": 0.0, "percent_covered_display": "0", "missing_lines": 24, "excluded_lines": 0}, "missing_lines": [568, 571, 572, 573, 574, 575, 579, 582, 583, 584, 585, 586, 587, 588, 593, 602, 603, 604, 606, 607, 608, 610, 612, 615], "excluded_lines": []}, "ParallelInputRunner": {"executed_lines": [], "summary": {"covered_lines": 0, "num_statements": 24, "percent_covered": 0.0, "percent_covered_display": "0", "missing_lines": 24, "excluded_lines": 0}, "missing_lines": [627, 628, 629, 630, 631, 632, 636, 639, 640, 641, 642, 643, 644, 645, 650, 659, 660, 661, 663, 664, 665, 667, 669, 672], "excluded_lines": []}, "": {"executed_lines": [1, 2, 3, 4, 5, 6, 7, 8, 9, 10, 11, 13, 15, 17, 26, 29, 30, 31, 32, 34, 38, 39, 59, 60, 63, 73, 78, 81, 82, 92, 115, 140, 141, 142, 146, 147, 153, 156, 159, 162, 172, 173, 174, 175, 176, 177, 178, 180, 181, 190, 191, 194, 195, 257, 261, 262, 266, 267, 271, 272, 276, 277, 281, 282, 292, 293, 296, 297, 312, 313, 325, 326, 336, 337, 349, 350, 390, 436, 437, 453, 481, 482, 485, 486, 498, 499, 502, 503, 520, 526, 536, 559, 560, 577, 578, 581, 595, 618, 619, 634, 635, 638, 652], "summary": {"covered_lines": 103, "num_statements": 103, "percent_covered": 100.0, "percent_covered_display": "100", "missing_lines": 0, "excluded_lines": 0}, "missing_lines": [], "excluded_lines": []}}}, "tests/test_analysis_objects.py": {"executed_lines": [1, 2, 13, 14, 28, 29, 32, 33, 34, 35, 36, 37, 38, 39, 41, 42, 43, 44, 45, 46, 47, 48, 49, 51, 52, 53, 54, 55, 56, 57, 58, 60, 61, 62, 63, 64, 65, 66, 67, 68, 70, 71, 72, 73, 74, 75, 76, 77, 79, 80, 83, 84, 85, 86, 87, 88, 89, 90, 91, 92, 93, 94, 96, 97, 98, 99, 100, 101, 102, 103, 105, 106, 107, 108, 109, 110, 111, 112, 113, 114, 115, 116, 117, 119, 120, 121, 122, 123, 124, 125, 126, 127, 129, 130, 133, 134, 135, 136, 137, 138, 139, 140, 141, 143, 144, 145, 146, 147, 148, 149, 150, 151, 152, 154, 155, 156, 157, 158, 159, 160, 161, 162, 163, 165, 166, 167, 168, 169, 170, 171, 172, 173, 174, 176, 177, 178, 179, 180, 181, 182, 183, 184, 185, 187, 188, 189, 190, 191, 192, 193, 194, 195, 196, 198, 199, 200, 201, 202, 203, 204, 205, 206, 207], "summary": {"covered_lines": 163, "num_statements": 163, "percent_covered": 100.0, "percent_covered_display": "100", "missing_lines": 0, "excluded_lines": 0}, "missing_lines": [], "excluded_lines": [], "functions": {"TestAnalysisObjects.test_line": {"executed_lines": [34, 35, 36, 37, 38, 39], "summary": {"covered_lines": 6, "num_statements": 6, "percent_covered": 100.0, "percent_covered_display": "100", "missing_lines": 0, "excluded_lines": 0}, "missing_lines": [], "excluded_lines": []}, "TestAnalysisObjects.test_branch": {"executed_lines": [42, 43, 44, 45, 46, 47, 48, 49], "summary": {"covered_lines": 8, "num_statements": 8, "percent_covered": 100.0, "percent_covered_display": "100", "missing_lines": 0, "excluded_lines": 0}, "missing_lines": [], "excluded_lines": []}, "TestAnalysisObjects.test_function": {"executed_lines": [52, 53, 54, 55, 56, 57, 58], "summary": {"covered_lines": 7, "num_statements": 7, "percent_covered": 100.0, "percent_covered_display": "100", "missing_lines": 0, "excluded_lines": 0}, "missing_lines": [], "excluded_lines": []}, "TestAnalysisObjects.test_loop": {"executed_lines": [61, 62, 63, 64, 65, 66, 67, 68], "summary": {"covered_lines": 8, "num_statements": 8, "percent_covered": 100.0, "percent_covered_display": "100", "missing_lines": 0, "excluded_lines": 0}, "missing_lines": [], "excluded_lines": []}, "TestAnalysisObjects.test_length": {"executed_lines": [71, 72, 73, 74, 75, 76, 77], "summary": {"covered_lines": 7, "num_statements": 7, "percent_covered": 100.0, "percent_covered_display": "100", "missing_lines": 0, "excluded_lines": 0}, "missing_lines": [], "excluded_lines": []}, "TestAnalysisObjects.test_def_use": {"executed_lines": [80, 83, 84, 85, 86, 87, 88, 89, 90, 91, 92, 93, 94], "summary": {"covered_lines": 13, "num_statements": 13, "percent_covered": 100.0, "percent_covered_display": "100", "missing_lines": 0, "excluded_lines": 0}, "missing_lines": [], "excluded_lines": []}, "TestAnalysisObjects.test_condition": {"executed_lines": [97, 98, 99, 100, 101, 102, 103], "summary": {"covered_lines": 7, "num_statements": 7, "percent_covered": 100.0, "percent_covered_display": "100", "missing_lines": 0, "excluded_lines": 0}, "missing_lines": [], "excluded_lines": []}, "TestAnalysisObjects.test_scalar_pair": {"executed_lines": [106, 107, 108, 109, 110, 111, 112, 113, 114, 115, 116, 117], "summary": {"covered_lines": 12, "num_statements": 12, "percent_covered": 100.0, "percent_covered_display": "100", "missing_lines": 0, "excluded_lines": 0}, "missing_lines": [], "excluded_lines": []}, "TestAnalysisObjects.test_variable": {"executed_lines": [120, 121, 122, 123, 124, 125, 126, 127], "summary": {"covered_lines": 8, "num_statements": 8, "percent_covered": 100.0, "percent_covered_display": "100", "missing_lines": 0, "excluded_lines": 0}, "missing_lines": [], "excluded_lines": []}, "TestAnalysisObjects.test_return": {"executed_lines": [130, 133, 134, 135, 136, 137, 138, 139, 140, 141], "summary": {"covered_lines": 10, "num_statements": 10, "percent_covered": 100.0, "percent_covered_display": "100", "missing_lines": 0, "excluded_lines": 0}, "missing_lines": [], "excluded_lines": []}, "TestAnalysisObjects.test_none": {"executed_lines": [144, 145, 146, 147, 148, 149, 150, 151, 152], "summary": {"covered_lines": 9, "num_statements": 9, "percent_covered": 100.0, "percent_covered_display": "100", "missing_lines": 0, "excluded_lines": 0}, "missing_lines": [], "excluded_lines": []}, "TestAnalysisObjects.test_empty_string": {"executed_lines": [155, 156, 157, 158, 159, 160, 161, 162, 163], "summary": {"covered_lines": 9, "num_statements": 9, "percent_covered": 100.0, "percent_covered_display": "100", "missing_lines": 0, "excluded_lines": 0}, "missing_lines": [], "excluded_lines": []}, "TestAnalysisObjects.test_ascii_string": {"executed_lines": [166, 167, 168, 169, 170, 171, 172, 173, 174], "summary": {"covered_lines": 9, "num_statements": 9, "percent_covered": 100.0, "percent_covered_display": "100", "missing_lines": 0, "excluded_lines": 0}, "missing_lines": [], "excluded_lines": []}, "TestAnalysisObjects.test_digit_string": {"executed_lines": [177, 178, 179, 180, 181, 182, 183, 184, 185], "summary": {"covered_lines": 9, "num_statements": 9, "percent_covered": 100.0, "percent_covered_display": "100", "missing_lines": 0, "excluded_lines": 0}, "missing_lines": [], "excluded_lines": []}, "TestAnalysisObjects.test_special_string": {"executed_lines": [188, 189, 190, 191, 192, 193, 194, 195, 196], "summary": {"covered_lines": 9, "num_statements": 9, "percent_covered": 100.0, "percent_covered_display": "100", "missing_lines": 0, "excluded_lines": 0}, "missing_lines": [], "excluded_lines": []}, "TestAnalysisObjects.test_empty_bytes": {"executed_lines": [199, 200, 201, 202, 203, 204, 205, 206, 207], "summary": {"covered_lines": 9, "num_statements": 9, "percent_covered": 100.0, "percent_covered_display": "100", "missing_lines": 0, "excluded_lines": 0}, "missing_lines": [], "excluded_lines": []}, "": {"executed_lines": [1, 2, 13, 14, 28, 29, 32, 33, 41, 51, 60, 70, 79, 96, 105, 119, 129, 143, 154, 165, 176, 187, 198], "summary": {"covered_lines": 23, "num_statements": 23, "percent_covered": 100.0, "percent_covered_display": "100", "missing_lines": 0, "excluded_lines": 0}, "missing_lines": [], "excluded_lines": []}}, "classes": {"TestAnalysisObjects": {"executed_lines": [34, 35, 36, 37, 38, 39, 42, 43, 44, 45, 46, 47, 48, 49, 52, 53, 54, 55, 56, 57, 58, 61, 62, 63, 64, 65, 66, 67, 68, 71, 72, 73, 74, 75, 76, 77, 80, 83, 84, 85, 86, 87, 88, 89, 90, 91, 92, 93, 94, 97, 98, 99, 100, 101, 102, 103, 106, 107, 108, 109, 110, 111, 112, 113, 114, 115, 116, 117, 120, 121, 122, 123, 124, 125, 126, 127, 130, 133, 134, 135, 136, 137, 138, 139, 140, 141, 144, 145, 146, 147, 148, 149, 150, 151, 152, 155, 156, 157, 158, 159, 160, 161, 162, 163, 166, 167, 168, 169, 170, 171, 172, 173, 174, 177, 178, 179, 180, 181, 182, 183, 184, 185, 188, 189, 190, 191, 192, 193, 194, 195, 196, 199, 200, 201, 202, 203, 204, 205, 206, 207], "summary": {"covered_lines": 140, "num_statements": 140, "percent_covered": 100.0, "percent_covered_display": "100", "missing_lines": 0, "excluded_lines": 0}, "missing_lines": [], "excluded_lines": []}, "": {"executed_lines": [1, 2, 13, 14, 28, 29, 32, 33, 41, 51, 60, 70, 79, 96, 105, 119, 129, 143, 154, 165, 176, 187, 198], "summary": {"covered_lines": 23, "num_statements": 23, "percent_covered": 100.0, "percent_covered_display": "100", "missing_lines": 0, "excluded_lines": 0}, "missing_lines": [], "excluded_lines": []}}}, "tests/utils.py": {"executed_lines": [1, 2, 3, 4, 5, 7, 8, 9, 10, 13, 16, 17, 20, 21, 22, 23, 24, 25, 26, 27, 28, 29, 30, 31, 32, 33, 34, 35, 36, 37, 38, 39, 40, 41, 42, 43, 44, 46, 73, 74, 75, 76, 78, 79, 80, 83, 84, 100, 101, 156, 157], "summary": {"covered_lines": 51, "num_statements": 76, "percent_covered": 67.10526315789474, "percent_covered_display": "67", "missing_lines": 25, "excluded_lines": 0}, "missing_lines": [77, 81, 87, 92, 95, 98, 111, 119, 121, 122, 124, 125, 126, 128, 130, 131, 141, 142, 143, 153, 154, 167, 180, 183, 184], "excluded_lines": [], "functions": {"BaseTest.tearDownClass": {"executed_lines": [75, 76, 78, 79, 80], "summary": {"covered_lines": 5, "num_statements": 7, "percent_covered": 71.42857142857143, "percent_covered_display": "71", "missing_lines": 2, "excluded_lines": 0}, "missing_lines": [77, 81], "excluded_lines": []}, "BaseTest.execute_subject": {"executed_lines": [], "summary": {"covered_lines": 0, "num_statements": 4, "percent_covered": 0.0, "percent_covered_display": "0", "missing_lines": 4, "excluded_lines": 0}, "missing_lines": [87, 92, 95, 98], "excluded_lines": []}, "BaseTest.run_analysis_event_files": {"executed_lines": [], "summary": {"covered_lines": 0, "num_statements": 15, "percent_covered": 0.0, "percent_covered_display": "0", "missing_lines": 15, "excluded_lines": 0}, "missing_lines": [111, 119, 121, 122, 124, 125, 126, 128, 130, 131, 141, 142, 143, 153, 154], "excluded_lines": []}, "BaseTest.run_analysis": {"executed_lines": [], "summary": {"covered_lines": 0, "num_statements": 4, "percent_covered": 0.0, "percent_covered_display": "0", "missing_lines": 4, "excluded_lines": 0}, "missing_lines": [167, 180, 183, 184], "excluded_lines": []}, "": {"executed_lines": [1, 2, 3, 4, 5, 7, 8, 9, 10, 13, 16, 17, 20, 21, 22, 23, 24, 25, 26, 27, 28, 29, 30, 31, 32, 33, 34, 35, 36, 37, 38, 39, 40, 41, 42, 43, 44, 46, 73, 74, 83, 84, 100, 101, 156, 157], "summary": {"covered_lines": 46, "num_statements": 46, "percent_covered": 100.0, "percent_covered_display": "100", "missing_lines": 0, "excluded_lines": 0}, "missing_lines": [], "excluded_lines": []}}, "classes": {"BaseTest": {"executed_lines": [75, 76, 78, 79, 80], "summary": {"covered_lines": 5, "num_statements": 30, "percent_covered": 16.666666666666668, "percent_covered_display": "17", "missing_lines": 25, "excluded_lines": 0}, "missing_lines": [77, 81, 87, 92, 95, 98, 111, 119, 121, 122, 124, 125, 126, 128, 130, 131, 141, 142, 143, 153, 154, 167, 180, 183, 184], "excluded_lines": []}, "": {"executed_lines": [1, 2, 3, 4, 5, 7, 8, 9, 10, 13, 16, 17, 20, 21, 22, 23, 24, 25, 26, 27, 28, 29, 30, 31, 32, 33, 34, 35, 36, 37, 38, 39, 40, 41, 42, 43, 44, 46, 73, 74, 83, 84, 100, 101, 156, 157], "summary": {"covered_lines": 46, "num_statements": 46, "percent_covered": 100.0, "percent_covered_display": "100", "missing_lines": 0, "excluded_lines": 0}, "missing_lines": [], "excluded_lines": []}}}}, "totals": {"covered_lines": 1600, "num_statements": 4007, "percent_covered": 39.9301222859995, "percent_covered_display": "40", "missing_lines": 2407, "excluded_lines": 59}}